17:08:11.705 [Worker-7] INFO  o.a.AndroidAnnotationProcessor:84 - Initialize AndroidAnnotations 3.2 with options {phase=BUILD}
17:08:11.823 [Worker-7] INFO  o.a.AndroidAnnotationProcessor:108 - Start processing for 5 annotations on 34 elements
17:08:11.892 [Worker-7] DEBUG o.a.h.AndroidManifestFinder:137 - AndroidManifest.xml file found in parent folder D:\workspace\“Ù¿÷≤•∑≈∆˜(Œ“£©: D:\workspace\“Ù¿÷≤•∑≈∆˜(Œ“£©\AndroidManifest.xml
17:08:11.897 [Worker-7] INFO  o.a.AndroidAnnotationProcessor:171 - AndroidManifest.xml found: AndroidManifest [applicationPackage=com.example.activity, componentQualifiedNames=[com.example.music.activity.MainActivity_, com.example.music.activity.PlayerActivity_, com.example.music.activity.SplashActivity, com.example.music.server.MusicService, com.example.music.widget.MyWidget], permissionQualifiedNames=[android.permission.INTERNET, android.permission.WRITE_EXTERNAL_STORAGE], applicationClassName=null, libraryProject=false, debugabble=false, minSdkVersion=14, maxSdkVersion=-1, targetSdkVersion=17]
17:08:11.899 [Worker-7] INFO  o.a.r.ProjectRClassFinder:50 - Found project R class: com.example.activity.R
17:08:11.909 [Worker-7] INFO  o.a.r.AndroidRClassFinder:44 - Found Android class: android.R
17:08:11.937 [Worker-7] INFO  o.a.p.ModelValidator:42 - Validating elements
17:08:11.939 [Worker-7] DEBUG o.a.p.ModelValidator:62 - Validating with EActivityHandler: [com.example.music.activity.PlayerActivity, com.example.music.activity.MainActivity]
17:08:11.944 [Worker-7] DEBUG o.a.p.ModelValidator:62 - Validating with ViewByIdHandler: [seekBar, headerView, discView, Viewheader, listView, tvDuration, tvCurrent]
17:08:11.950 [Worker-7] DEBUG o.a.p.ModelValidator:62 - Validating with ViewsByIdHandler: [ibList]
17:08:11.953 [Worker-7] DEBUG o.a.p.ModelValidator:62 - Validating with ClickHandler: [public void onClick(android.view.View) ]
17:08:11.958 [Worker-7] DEBUG o.a.p.ModelValidator:62 - Validating with AfterViewsHandler: [public void init() ]
17:08:11.978 [Worker-7] INFO  o.a.p.ModelProcessor:69 - Processing root elements
17:08:11.980 [Worker-7] DEBUG o.a.p.ModelProcessor:160 - Processing root elements EActivityHandler: [com.example.music.activity.PlayerActivity, com.example.music.activity.MainActivity]
17:08:12.28 [Worker-7] INFO  o.a.p.ModelProcessor:77 - Processing enclosed elements
17:08:12.29 [Worker-7] DEBUG o.a.p.ModelProcessor:89 - Processing enclosed elements with ViewByIdHandler: [org.androidannotations.model.AnnotationElements$AnnotatedAndRootElements@2e0ef8a3, org.androidannotations.model.AnnotationElements$AnnotatedAndRootElements@3ef78098, org.androidannotations.model.AnnotationElements$AnnotatedAndRootElements@26376a1b, org.androidannotations.model.AnnotationElements$AnnotatedAndRootElements@674e3304, org.androidannotations.model.AnnotationElements$AnnotatedAndRootElements@58e5acf4, org.androidannotations.model.AnnotationElements$AnnotatedAndRootElements@172637, org.androidannotations.model.AnnotationElements$AnnotatedAndRootElements@6fcde4ec]
17:08:12.33 [Worker-7] DEBUG o.a.p.ModelProcessor:89 - Processing enclosed elements with ViewsByIdHandler: [org.androidannotations.model.AnnotationElements$AnnotatedAndRootElements@6b1b9b73]
17:08:12.35 [Worker-7] DEBUG o.a.p.ModelProcessor:89 - Processing enclosed elements with ClickHandler: [org.androidannotations.model.AnnotationElements$AnnotatedAndRootElements@7909a190]
17:08:12.37 [Worker-7] DEBUG o.a.p.ModelProcessor:89 - Processing enclosed elements with AfterViewsHandler: [org.androidannotations.model.AnnotationElements$AnnotatedAndRootElements@1ceeaab6]
17:08:12.39 [Worker-7] INFO  o.a.AndroidAnnotationProcessor:250 - Number of files generated by AndroidAnnotations: 2
17:08:12.43 [Worker-7] INFO  o.a.g.ApiCodeGenerator:52 - Writting following API classes in project: []
17:08:12.47 [Worker-7] DEBUG o.a.g.SourceCodewriter:55 - Generating class: com.example.music.activity.MainActivity_
17:08:12.84 [Worker-7] DEBUG o.a.g.SourceCodewriter:55 - Generating class: com.example.music.activity.PlayerActivity_
17:08:12.141 [Worker-7] INFO  o.a.p.TimeStats:81 - Time measurements: [Whole Processing = 319 ms], [Generate Sources = 102 ms], [Process Annotations = 80 ms], [Extract Annotations = 65 ms], [Find R Classes = 24 ms], [Validate Annotations = 23 ms], [Extract Manifest = 7 ms], 
17:08:12.142 [Worker-7] INFO  o.a.AndroidAnnotationProcessor:122 - Finish processing
17:08:12.775 [Worker-7] INFO  o.a.AndroidAnnotationProcessor:84 - Initialize AndroidAnnotations 3.2 with options {phase=BUILD}
19:17:35.992 [Worker-2] INFO  o.a.AndroidAnnotationProcessor:84 - Initialize AndroidAnnotations 3.2 with options {phase=BUILD}
19:17:36.474 [Worker-2] INFO  o.a.AndroidAnnotationProcessor:108 - Start processing for 5 annotations on 32 elements
19:17:36.502 [Worker-2] DEBUG o.a.h.AndroidManifestFinder:137 - AndroidManifest.xml file found in parent folder D:\workspace\“Ù¿÷≤•∑≈∆˜(Œ“£©: D:\workspace\“Ù¿÷≤•∑≈∆˜(Œ“£©\AndroidManifest.xml
19:17:36.583 [Worker-2] INFO  o.a.AndroidAnnotationProcessor:171 - AndroidManifest.xml found: AndroidManifest [applicationPackage=com.example.activity, componentQualifiedNames=[com.example.music.activity.MainActivity_, com.example.music.activity.PlayerActivity_, com.example.music.activity.SplashActivity, com.example.music.server.MusicService, com.example.music.widget.MyWidget], permissionQualifiedNames=[android.permission.INTERNET, android.permission.WRITE_EXTERNAL_STORAGE], applicationClassName=null, libraryProject=false, debugabble=false, minSdkVersion=14, maxSdkVersion=-1, targetSdkVersion=17]
19:17:36.585 [Worker-2] INFO  o.a.r.ProjectRClassFinder:50 - Found project R class: com.example.activity.R
19:17:36.596 [Worker-2] ERROR o.a.r.AndroidRClassFinder:40 - The android.R class cannot be found
19:17:36.597 [Worker-2] INFO  o.a.p.TimeStats:81 - Time measurements: [Whole Processing = 123 ms], [Extract Manifest = 83 ms], [Extract Annotations = 6 ms], 
19:17:36.598 [Worker-2] INFO  o.a.AndroidAnnotationProcessor:122 - Finish processing
19:18:15.60 [Worker-3] INFO  o.a.AndroidAnnotationProcessor:84 - Initialize AndroidAnnotations 3.2 with options {phase=BUILD}
19:18:15.62 [Worker-3] INFO  o.a.AndroidAnnotationProcessor:108 - Start processing for 5 annotations on 32 elements
19:18:15.150 [Worker-3] DEBUG o.a.h.AndroidManifestFinder:137 - AndroidManifest.xml file found in parent folder D:\workspace\“Ù¿÷≤•∑≈∆˜(Œ“£©: D:\workspace\“Ù¿÷≤•∑≈∆˜(Œ“£©\AndroidManifest.xml
19:18:15.154 [Worker-3] INFO  o.a.AndroidAnnotationProcessor:171 - AndroidManifest.xml found: AndroidManifest [applicationPackage=com.example.activity, componentQualifiedNames=[com.example.music.activity.MainActivity_, com.example.music.activity.PlayerActivity_, com.example.music.activity.SplashActivity, com.example.music.server.MusicService, com.example.music.widget.MyWidget], permissionQualifiedNames=[android.permission.INTERNET, android.permission.WRITE_EXTERNAL_STORAGE], applicationClassName=null, libraryProject=false, debugabble=false, minSdkVersion=14, maxSdkVersion=-1, targetSdkVersion=17]
19:18:15.156 [Worker-3] INFO  o.a.r.ProjectRClassFinder:50 - Found project R class: com.example.activity.R
19:18:15.160 [Worker-3] INFO  o.a.r.AndroidRClassFinder:44 - Found Android class: android.R
19:18:15.191 [Worker-3] INFO  o.a.p.ModelValidator:42 - Validating elements
19:18:15.192 [Worker-3] DEBUG o.a.p.ModelValidator:62 - Validating with EActivityHandler: [com.example.music.activity.PlayerActivity, com.example.music.activity.MainActivity]
19:18:15.197 [Worker-3] DEBUG o.a.p.ModelValidator:62 - Validating with ViewByIdHandler: [tvCurrent, tvDuration, seekBar, Viewheader, listView, discView, headerView]
19:18:15.203 [Worker-3] DEBUG o.a.p.ModelValidator:62 - Validating with ViewsByIdHandler: [ibList]
19:18:15.208 [Worker-3] DEBUG o.a.p.ModelValidator:62 - Validating with ClickHandler: [public void onClick(android.view.View) ]
19:18:15.212 [Worker-3] DEBUG o.a.p.ModelValidator:62 - Validating with AfterViewsHandler: [public void init() ]
19:18:15.230 [Worker-3] INFO  o.a.p.ModelProcessor:69 - Processing root elements
19:18:15.231 [Worker-3] DEBUG o.a.p.ModelProcessor:160 - Processing root elements EActivityHandler: [com.example.music.activity.PlayerActivity, com.example.music.activity.MainActivity]
19:18:15.287 [Worker-3] INFO  o.a.p.ModelProcessor:77 - Processing enclosed elements
19:18:15.293 [Worker-3] INFO  o.a.AndroidAnnotationProcessor:250 - Number of files generated by AndroidAnnotations: 2
19:18:15.296 [Worker-3] INFO  o.a.g.ApiCodeGenerator:52 - Writting following API classes in project: []
19:18:15.300 [Worker-3] DEBUG o.a.g.SourceCodewriter:55 - Generating class: com.example.music.activity.MainActivity_
19:18:15.317 [Worker-3] DEBUG o.a.g.SourceCodewriter:55 - Generating class: com.example.music.activity.PlayerActivity_
19:18:15.354 [Worker-3] INFO  o.a.p.TimeStats:81 - Time measurements: [Whole Processing = 292 ms], [Extract Annotations = 87 ms], [Process Annotations = 79 ms], [Generate Sources = 61 ms], [Validate Annotations = 24 ms], [Find R Classes = 19 ms], [Extract Manifest = 4 ms], 
19:18:15.355 [Worker-3] INFO  o.a.AndroidAnnotationProcessor:122 - Finish processing
08:30:06.912 [Worker-0] INFO  o.a.AndroidAnnotationProcessor:84 - Initialize AndroidAnnotations 3.2 with options {phase=BUILD}
08:30:08.238 [Worker-0] INFO  o.a.AndroidAnnotationProcessor:108 - Start processing for 5 annotations on 32 elements
08:30:08.263 [Worker-0] DEBUG o.a.h.AndroidManifestFinder:137 - AndroidManifest.xml file found in parent folder D:\workspace\“Ù¿÷≤•∑≈∆˜(Œ“£©: D:\workspace\“Ù¿÷≤•∑≈∆˜(Œ“£©\AndroidManifest.xml
08:30:08.342 [Worker-0] INFO  o.a.AndroidAnnotationProcessor:171 - AndroidManifest.xml found: AndroidManifest [applicationPackage=com.example.activity, componentQualifiedNames=[com.example.music.activity.MainActivity_, com.example.music.activity.PlayerActivity_, com.example.music.activity.SplashActivity, com.example.music.server.MusicService, com.example.music.widget.MyWidget], permissionQualifiedNames=[android.permission.INTERNET, android.permission.WRITE_EXTERNAL_STORAGE], applicationClassName=null, libraryProject=false, debugabble=false, minSdkVersion=14, maxSdkVersion=-1, targetSdkVersion=17]
08:30:08.343 [Worker-0] INFO  o.a.r.ProjectRClassFinder:50 - Found project R class: com.example.activity.R
08:30:08.392 [Worker-0] ERROR o.a.r.AndroidRClassFinder:40 - The android.R class cannot be found
08:30:08.393 [Worker-0] INFO  o.a.p.TimeStats:81 - Time measurements: [Whole Processing = 155 ms], [Extract Manifest = 92 ms], [Extract Annotations = 10 ms], 
08:30:08.393 [Worker-0] INFO  o.a.AndroidAnnotationProcessor:122 - Finish processing
08:31:09.912 [Worker-4] INFO  o.a.AndroidAnnotationProcessor:84 - Initialize AndroidAnnotations 3.2 with options {phase=BUILD}
08:31:09.914 [Worker-4] INFO  o.a.AndroidAnnotationProcessor:108 - Start processing for 5 annotations on 32 elements
08:31:10.96 [Worker-4] DEBUG o.a.h.AndroidManifestFinder:137 - AndroidManifest.xml file found in parent folder D:\workspace\“Ù¿÷≤•∑≈∆˜(Œ“£©: D:\workspace\“Ù¿÷≤•∑≈∆˜(Œ“£©\AndroidManifest.xml
08:31:10.100 [Worker-4] INFO  o.a.AndroidAnnotationProcessor:171 - AndroidManifest.xml found: AndroidManifest [applicationPackage=com.example.activity, componentQualifiedNames=[com.example.music.activity.MainActivity_, com.example.music.activity.PlayerActivity_, com.example.music.activity.SplashActivity, com.example.music.server.MusicService, com.example.music.widget.MyWidget], permissionQualifiedNames=[android.permission.INTERNET, android.permission.WRITE_EXTERNAL_STORAGE], applicationClassName=null, libraryProject=false, debugabble=false, minSdkVersion=14, maxSdkVersion=-1, targetSdkVersion=17]
08:31:10.101 [Worker-4] INFO  o.a.r.ProjectRClassFinder:50 - Found project R class: com.example.activity.R
08:31:10.105 [Worker-4] INFO  o.a.r.AndroidRClassFinder:44 - Found Android class: android.R
08:31:10.197 [Worker-4] INFO  o.a.p.ModelValidator:42 - Validating elements
08:31:10.199 [Worker-4] DEBUG o.a.p.ModelValidator:62 - Validating with EActivityHandler: [com.example.music.activity.PlayerActivity, com.example.music.activity.MainActivity]
08:31:10.203 [Worker-4] DEBUG o.a.p.ModelValidator:62 - Validating with ViewByIdHandler: [seekBar, tvCurrent, discView, headerView, Viewheader, listView, tvDuration]
08:31:10.213 [Worker-4] DEBUG o.a.p.ModelValidator:62 - Validating with ViewsByIdHandler: [ibList]
08:31:10.216 [Worker-4] DEBUG o.a.p.ModelValidator:62 - Validating with ClickHandler: [public void onClick(android.view.View) ]
08:31:10.220 [Worker-4] DEBUG o.a.p.ModelValidator:62 - Validating with AfterViewsHandler: [public void init() ]
08:31:10.280 [Worker-4] INFO  o.a.p.ModelProcessor:69 - Processing root elements
08:31:10.281 [Worker-4] DEBUG o.a.p.ModelProcessor:160 - Processing root elements EActivityHandler: [com.example.music.activity.PlayerActivity, com.example.music.activity.MainActivity]
08:31:10.325 [Worker-4] INFO  o.a.p.ModelProcessor:77 - Processing enclosed elements
08:31:10.331 [Worker-4] INFO  o.a.AndroidAnnotationProcessor:250 - Number of files generated by AndroidAnnotations: 2
08:31:10.334 [Worker-4] INFO  o.a.g.ApiCodeGenerator:52 - Writting following API classes in project: []
08:31:10.340 [Worker-4] DEBUG o.a.g.SourceCodewriter:55 - Generating class: com.example.music.activity.MainActivity_
08:31:10.356 [Worker-4] DEBUG o.a.g.SourceCodewriter:55 - Generating class: com.example.music.activity.PlayerActivity_
08:31:10.368 [Worker-4] INFO  o.a.p.TimeStats:81 - Time measurements: [Whole Processing = 454 ms], [Extract Annotations = 181 ms], [Process Annotations = 110 ms], [Generate Sources = 37 ms], [Validate Annotations = 25 ms], [Find R Classes = 17 ms], [Extract Manifest = 4 ms], 
08:31:10.369 [Worker-4] INFO  o.a.AndroidAnnotationProcessor:122 - Finish processing
09:09:59.919 [Worker-1] INFO  o.a.AndroidAnnotationProcessor:84 - Initialize AndroidAnnotations 3.2 with options {phase=BUILD}
08:51:41.543 [Worker-7] INFO  o.a.AndroidAnnotationProcessor:84 - Initialize AndroidAnnotations 3.2 with options {phase=BUILD}
08:51:41.870 [Worker-7] INFO  o.a.AndroidAnnotationProcessor:108 - Start processing for 5 annotations on 32 elements
08:51:41.901 [Worker-7] DEBUG o.a.h.AndroidManifestFinder:137 - AndroidManifest.xml file found in parent folder D:\workspace\“Ù¿÷≤•∑≈∆˜(Œ“£©: D:\workspace\“Ù¿÷≤•∑≈∆˜(Œ“£©\AndroidManifest.xml
08:51:41.964 [Worker-7] INFO  o.a.AndroidAnnotationProcessor:171 - AndroidManifest.xml found: AndroidManifest [applicationPackage=com.example.activity, componentQualifiedNames=[com.example.music.activity.MainActivity_, com.example.music.activity.PlayerActivity_, com.example.music.activity.SplashActivity, com.example.music.server.MusicService, com.example.music.widget.MyWidget], permissionQualifiedNames=[android.permission.INTERNET, android.permission.WRITE_EXTERNAL_STORAGE], applicationClassName=null, libraryProject=false, debugabble=false, minSdkVersion=14, maxSdkVersion=-1, targetSdkVersion=17]
08:51:41.964 [Worker-7] INFO  o.a.r.ProjectRClassFinder:50 - Found project R class: com.example.activity.R
08:51:41.979 [Worker-7] ERROR o.a.r.AndroidRClassFinder:40 - The android.R class cannot be found
08:51:41.979 [Worker-7] INFO  o.a.p.TimeStats:81 - Time measurements: [Whole Processing = 109 ms], [Extract Manifest = 63 ms], [Extract Annotations = 31 ms], 
08:51:41.979 [Worker-7] INFO  o.a.AndroidAnnotationProcessor:122 - Finish processing
08:52:19.174 [Worker-2] INFO  o.a.AndroidAnnotationProcessor:84 - Initialize AndroidAnnotations 3.2 with options {phase=BUILD}
08:52:19.176 [Worker-2] INFO  o.a.AndroidAnnotationProcessor:108 - Start processing for 5 annotations on 32 elements
08:52:19.288 [Worker-2] DEBUG o.a.h.AndroidManifestFinder:137 - AndroidManifest.xml file found in parent folder D:\workspace\“Ù¿÷≤•∑≈∆˜(Œ“£©: D:\workspace\“Ù¿÷≤•∑≈∆˜(Œ“£©\AndroidManifest.xml
08:52:19.295 [Worker-2] INFO  o.a.AndroidAnnotationProcessor:171 - AndroidManifest.xml found: AndroidManifest [applicationPackage=com.example.activity, componentQualifiedNames=[com.example.music.activity.MainActivity_, com.example.music.activity.PlayerActivity_, com.example.music.activity.SplashActivity, com.example.music.server.MusicService, com.example.music.widget.MyWidget], permissionQualifiedNames=[android.permission.INTERNET, android.permission.WRITE_EXTERNAL_STORAGE], applicationClassName=null, libraryProject=false, debugabble=false, minSdkVersion=14, maxSdkVersion=-1, targetSdkVersion=17]
08:52:19.296 [Worker-2] INFO  o.a.r.ProjectRClassFinder:50 - Found project R class: com.example.activity.R
08:52:19.299 [Worker-2] INFO  o.a.r.AndroidRClassFinder:44 - Found Android class: android.R
08:52:19.380 [Worker-2] INFO  o.a.p.ModelValidator:42 - Validating elements
08:52:19.381 [Worker-2] DEBUG o.a.p.ModelValidator:62 - Validating with EActivityHandler: [com.example.music.activity.PlayerActivity, com.example.music.activity.MainActivity]
08:52:19.385 [Worker-2] DEBUG o.a.p.ModelValidator:62 - Validating with ViewByIdHandler: [tvDuration, tvCurrent, listView, Viewheader, seekBar, discView, headerView]
08:52:19.392 [Worker-2] DEBUG o.a.p.ModelValidator:62 - Validating with ViewsByIdHandler: [ibList]
08:52:19.395 [Worker-2] DEBUG o.a.p.ModelValidator:62 - Validating with ClickHandler: [public void onClick(android.view.View) ]
08:52:19.400 [Worker-2] DEBUG o.a.p.ModelValidator:62 - Validating with AfterViewsHandler: [public void init() ]
08:52:19.470 [Worker-2] INFO  o.a.p.ModelProcessor:69 - Processing root elements
08:52:19.470 [Worker-2] DEBUG o.a.p.ModelProcessor:160 - Processing root elements EActivityHandler: [com.example.music.activity.PlayerActivity, com.example.music.activity.MainActivity]
08:52:19.532 [Worker-2] INFO  o.a.p.ModelProcessor:77 - Processing enclosed elements
08:52:19.548 [Worker-2] INFO  o.a.AndroidAnnotationProcessor:250 - Number of files generated by AndroidAnnotations: 2
08:52:19.548 [Worker-2] INFO  o.a.g.ApiCodeGenerator:52 - Writting following API classes in project: []
08:52:19.548 [Worker-2] DEBUG o.a.g.SourceCodewriter:55 - Generating class: com.example.music.activity.MainActivity_
08:52:19.563 [Worker-2] DEBUG o.a.g.SourceCodewriter:55 - Generating class: com.example.music.activity.PlayerActivity_
08:52:19.595 [Worker-2] INFO  o.a.p.TimeStats:81 - Time measurements: [Whole Processing = 419 ms], [Process Annotations = 147 ms], [Extract Annotations = 112 ms], [Generate Sources = 47 ms], [Validate Annotations = 41 ms], [Find R Classes = 21 ms], [Extract Manifest = 7 ms], 
08:52:19.595 [Worker-2] INFO  o.a.AndroidAnnotationProcessor:122 - Finish processing
09:47:48.633 [Worker-4] INFO  o.a.AndroidAnnotationProcessor:84 - Initialize AndroidAnnotations 3.2 with options {phase=BUILD}
09:47:48.789 [Worker-4] INFO  o.a.AndroidAnnotationProcessor:108 - Start processing for 5 annotations on 34 elements
09:47:48.837 [Worker-4] DEBUG o.a.h.AndroidManifestFinder:137 - AndroidManifest.xml file found in parent folder D:\workspace\“Ù¿÷≤•∑≈∆˜(Œ“£©: D:\workspace\“Ù¿÷≤•∑≈∆˜(Œ“£©\AndroidManifest.xml
09:47:48.842 [Worker-4] INFO  o.a.AndroidAnnotationProcessor:171 - AndroidManifest.xml found: AndroidManifest [applicationPackage=com.example.activity, componentQualifiedNames=[com.example.music.activity.MainActivity_, com.example.music.activity.PlayerActivity_, com.example.music.activity.SplashActivity, com.example.music.server.MusicService, com.example.music.widget.MyWidget], permissionQualifiedNames=[android.permission.INTERNET, android.permission.WRITE_EXTERNAL_STORAGE], applicationClassName=null, libraryProject=false, debugabble=false, minSdkVersion=14, maxSdkVersion=-1, targetSdkVersion=17]
09:47:48.844 [Worker-4] INFO  o.a.r.ProjectRClassFinder:50 - Found project R class: com.example.activity.R
09:47:48.856 [Worker-4] INFO  o.a.r.AndroidRClassFinder:44 - Found Android class: android.R
09:47:48.923 [Worker-4] INFO  o.a.p.ModelValidator:42 - Validating elements
09:47:48.924 [Worker-4] DEBUG o.a.p.ModelValidator:62 - Validating with EActivityHandler: [com.example.music.activity.PlayerActivity, com.example.music.activity.MainActivity]
09:47:48.929 [Worker-4] DEBUG o.a.p.ModelValidator:62 - Validating with ViewByIdHandler: [tvCurrent, headerView, listView, Viewheader, tvDuration, seekBar, discView]
09:47:48.937 [Worker-4] DEBUG o.a.p.ModelValidator:62 - Validating with ViewsByIdHandler: [ibList]
09:47:48.941 [Worker-4] DEBUG o.a.p.ModelValidator:62 - Validating with ClickHandler: [public void onClick(android.view.View) ]
09:47:48.945 [Worker-4] DEBUG o.a.p.ModelValidator:62 - Validating with AfterViewsHandler: [public void init() ]
09:47:48.966 [Worker-4] INFO  o.a.p.ModelProcessor:69 - Processing root elements
09:47:48.967 [Worker-4] DEBUG o.a.p.ModelProcessor:160 - Processing root elements EActivityHandler: [com.example.music.activity.PlayerActivity, com.example.music.activity.MainActivity]
09:47:49.11 [Worker-4] INFO  o.a.p.ModelProcessor:77 - Processing enclosed elements
09:47:49.12 [Worker-4] DEBUG o.a.p.ModelProcessor:89 - Processing enclosed elements with ViewByIdHandler: [org.androidannotations.model.AnnotationElements$AnnotatedAndRootElements@76df803a, org.androidannotations.model.AnnotationElements$AnnotatedAndRootElements@4b5b9cce, org.androidannotations.model.AnnotationElements$AnnotatedAndRootElements@34c27ec4, org.androidannotations.model.AnnotationElements$AnnotatedAndRootElements@3504b917, org.androidannotations.model.AnnotationElements$AnnotatedAndRootElements@4d1090eb, org.androidannotations.model.AnnotationElements$AnnotatedAndRootElements@4913b032, org.androidannotations.model.AnnotationElements$AnnotatedAndRootElements@498736f]
09:47:49.16 [Worker-4] DEBUG o.a.p.ModelProcessor:89 - Processing enclosed elements with ViewsByIdHandler: [org.androidannotations.model.AnnotationElements$AnnotatedAndRootElements@2b94c819]
09:47:49.18 [Worker-4] DEBUG o.a.p.ModelProcessor:89 - Processing enclosed elements with ClickHandler: [org.androidannotations.model.AnnotationElements$AnnotatedAndRootElements@1f423a59]
09:47:49.20 [Worker-4] DEBUG o.a.p.ModelProcessor:89 - Processing enclosed elements with AfterViewsHandler: [org.androidannotations.model.AnnotationElements$AnnotatedAndRootElements@5e68824b]
09:47:49.22 [Worker-4] INFO  o.a.AndroidAnnotationProcessor:250 - Number of files generated by AndroidAnnotations: 2
09:47:49.26 [Worker-4] INFO  o.a.g.ApiCodeGenerator:52 - Writting following API classes in project: []
09:47:49.29 [Worker-4] DEBUG o.a.g.SourceCodewriter:55 - Generating class: com.example.music.activity.MainActivity_
09:47:49.98 [Worker-4] DEBUG o.a.g.SourceCodewriter:55 - Generating class: com.example.music.activity.PlayerActivity_
09:47:49.124 [Worker-4] INFO  o.a.p.TimeStats:81 - Time measurements: [Whole Processing = 334 ms], [Generate Sources = 101 ms], [Process Annotations = 76 ms], [Find R Classes = 65 ms], [Extract Annotations = 34 ms], [Validate Annotations = 24 ms], [Extract Manifest = 17 ms], 
09:47:49.124 [Worker-4] INFO  o.a.AndroidAnnotationProcessor:122 - Finish processing
09:47:58.713 [Worker-8] INFO  o.a.AndroidAnnotationProcessor:84 - Initialize AndroidAnnotations 3.2 with options {phase=BUILD}
10:18:08.616 [Worker-2] INFO  o.a.AndroidAnnotationProcessor:84 - Initialize AndroidAnnotations 3.2 with options {phase=BUILD}
08:27:00.453 [Worker-1] INFO  o.a.AndroidAnnotationProcessor:84 - Initialize AndroidAnnotations 3.2 with options {phase=BUILD}
14:11:19.357 [Worker-1] INFO  o.a.AndroidAnnotationProcessor:84 - Initialize AndroidAnnotations 3.2 with options {phase=BUILD}
15:16:10.192 [Worker-24] INFO  o.a.AndroidAnnotationProcessor:84 - Initialize AndroidAnnotations 3.2 with options {phase=BUILD}
15:16:10.833 [Worker-24] INFO  o.a.AndroidAnnotationProcessor:108 - Start processing for 2 annotations on 1 elements
15:16:10.878 [Worker-24] DEBUG o.a.h.AndroidManifestFinder:137 - AndroidManifest.xml file found in parent folder D:\workspace\“Ù¿÷≤•∑≈∆˜(Œ“£©: D:\workspace\“Ù¿÷≤•∑≈∆˜(Œ“£©\AndroidManifest.xml
15:16:10.908 [Worker-24] INFO  o.a.AndroidAnnotationProcessor:171 - AndroidManifest.xml found: AndroidManifest [applicationPackage=com.example.activity, componentQualifiedNames=[com.example.music.activity.MainActivity_, com.example.music.activity.PlayerActivity_, com.example.music.activity.SplashActivity, com.example.music.server.MusicService, com.example.music.widget.MyWidget], permissionQualifiedNames=[android.permission.INTERNET, android.permission.WRITE_EXTERNAL_STORAGE], applicationClassName=null, libraryProject=false, debugabble=false, minSdkVersion=14, maxSdkVersion=-1, targetSdkVersion=17]
15:16:10.912 [Worker-24] INFO  o.a.r.ProjectRClassFinder:50 - Found project R class: com.example.activity.R
15:16:10.979 [Worker-24] INFO  o.a.r.AndroidRClassFinder:44 - Found Android class: android.R
15:16:11.8 [Worker-24] INFO  o.a.p.ModelValidator:42 - Validating elements
15:16:11.9 [Worker-24] DEBUG o.a.p.ModelValidator:62 - Validating with EActivityHandler: [com.example.music.activity.MainActivity]
15:16:11.15 [Worker-24] DEBUG o.a.p.ModelValidator:62 - Validating with ViewByIdHandler: [listView, headerView]
15:16:11.38 [Worker-24] INFO  o.a.p.ModelProcessor:69 - Processing root elements
15:16:11.39 [Worker-24] DEBUG o.a.p.ModelProcessor:160 - Processing root elements EActivityHandler: [com.example.music.activity.MainActivity]
15:16:11.88 [Worker-24] INFO  o.a.p.ModelProcessor:77 - Processing enclosed elements
15:16:11.92 [Worker-24] INFO  o.a.AndroidAnnotationProcessor:250 - Number of files generated by AndroidAnnotations: 1
15:16:11.95 [Worker-24] INFO  o.a.g.ApiCodeGenerator:52 - Writting following API classes in project: []
15:16:11.98 [Worker-24] DEBUG o.a.g.SourceCodewriter:55 - Generating class: com.example.music.activity.MainActivity_
15:16:11.131 [Worker-24] INFO  o.a.p.TimeStats:81 - Time measurements: [Whole Processing = 298 ms], [Find R Classes = 80 ms], [Process Annotations = 70 ms], [Extract Annotations = 40 ms], [Generate Sources = 40 ms], [Extract Manifest = 33 ms], [Validate Annotations = 14 ms], 
15:16:11.132 [Worker-24] INFO  o.a.AndroidAnnotationProcessor:122 - Finish processing
15:16:12.477 [Worker-24] INFO  o.a.AndroidAnnotationProcessor:84 - Initialize AndroidAnnotations 3.2 with options {phase=BUILD}
15:16:12.598 [Worker-24] INFO  o.a.AndroidAnnotationProcessor:108 - Start processing for 2 annotations on 1 elements
15:16:12.650 [Worker-24] DEBUG o.a.h.AndroidManifestFinder:137 - AndroidManifest.xml file found in parent folder D:\workspace\“Ù¿÷≤•∑≈∆˜(Œ“£©: D:\workspace\“Ù¿÷≤•∑≈∆˜(Œ“£©\AndroidManifest.xml
15:16:12.655 [Worker-24] INFO  o.a.AndroidAnnotationProcessor:171 - AndroidManifest.xml found: AndroidManifest [applicationPackage=com.example.activity, componentQualifiedNames=[com.example.music.activity.MainActivity_, com.example.music.activity.PlayerActivity_, com.example.music.activity.SplashActivity, com.example.music.server.MusicService, com.example.music.widget.MyWidget], permissionQualifiedNames=[android.permission.INTERNET, android.permission.WRITE_EXTERNAL_STORAGE], applicationClassName=null, libraryProject=false, debugabble=false, minSdkVersion=14, maxSdkVersion=-1, targetSdkVersion=17]
15:16:12.656 [Worker-24] INFO  o.a.r.ProjectRClassFinder:50 - Found project R class: com.example.activity.R
15:16:12.664 [Worker-24] INFO  o.a.r.AndroidRClassFinder:44 - Found Android class: android.R
15:16:12.678 [Worker-24] INFO  o.a.p.ModelValidator:42 - Validating elements
15:16:12.679 [Worker-24] DEBUG o.a.p.ModelValidator:62 - Validating with EActivityHandler: [com.example.music.activity.MainActivity]
15:16:12.680 [Worker-24] DEBUG o.a.p.ModelValidator:62 - Validating with ViewByIdHandler: [listView, headerView]
15:16:12.686 [Worker-24] INFO  o.a.p.ModelProcessor:69 - Processing root elements
15:16:12.687 [Worker-24] DEBUG o.a.p.ModelProcessor:160 - Processing root elements EActivityHandler: [com.example.music.activity.MainActivity]
15:16:12.693 [Worker-24] INFO  o.a.p.ModelProcessor:77 - Processing enclosed elements
15:16:12.695 [Worker-24] INFO  o.a.AndroidAnnotationProcessor:250 - Number of files generated by AndroidAnnotations: 1
15:16:12.696 [Worker-24] INFO  o.a.g.ApiCodeGenerator:52 - Writting following API classes in project: []
15:16:12.698 [Worker-24] DEBUG o.a.g.SourceCodewriter:55 - Generating class: com.example.music.activity.MainActivity_
15:16:12.708 [Worker-24] INFO  o.a.p.TimeStats:81 - Time measurements: [Whole Processing = 110 ms], [Extract Annotations = 51 ms], [Find R Classes = 22 ms], [Generate Sources = 13 ms], [Process Annotations = 9 ms], [Validate Annotations = 8 ms], [Extract Manifest = 5 ms], 
15:16:12.709 [Worker-24] INFO  o.a.AndroidAnnotationProcessor:122 - Finish processing
16:20:28.612 [Worker-10] INFO  o.a.AndroidAnnotationProcessor:84 - Initialize AndroidAnnotations 3.2 with options {phase=BUILD}
16:20:28.838 [Worker-10] INFO  o.a.AndroidAnnotationProcessor:108 - Start processing for 5 annotations on 32 elements
16:20:28.849 [Worker-10] DEBUG o.a.h.AndroidManifestFinder:137 - AndroidManifest.xml file found in parent folder D:\workspace\“Ù¿÷≤•∑≈∆˜(Œ“£©: D:\workspace\“Ù¿÷≤•∑≈∆˜(Œ“£©\AndroidManifest.xml
16:20:28.919 [Worker-10] INFO  o.a.AndroidAnnotationProcessor:171 - AndroidManifest.xml found: AndroidManifest [applicationPackage=com.example.activity, componentQualifiedNames=[com.example.music.activity.MainActivity_, com.example.music.activity.PlayerActivity_, com.example.music.activity.SplashActivity, com.example.music.server.MusicService, com.example.music.widget.MyWidget], permissionQualifiedNames=[android.permission.INTERNET, android.permission.WRITE_EXTERNAL_STORAGE], applicationClassName=null, libraryProject=false, debugabble=false, minSdkVersion=14, maxSdkVersion=-1, targetSdkVersion=17]
16:20:28.921 [Worker-10] INFO  o.a.r.ProjectRClassFinder:50 - Found project R class: com.example.activity.R
16:20:28.929 [Worker-10] ERROR o.a.r.AndroidRClassFinder:40 - The android.R class cannot be found
16:20:28.930 [Worker-10] INFO  o.a.p.TimeStats:81 - Time measurements: [Whole Processing = 92 ms], [Extract Manifest = 73 ms], [Extract Annotations = 7 ms], 
16:20:28.931 [Worker-10] INFO  o.a.AndroidAnnotationProcessor:122 - Finish processing
16:21:10.501 [Worker-5] INFO  o.a.AndroidAnnotationProcessor:84 - Initialize AndroidAnnotations 3.2 with options {phase=BUILD}
16:21:10.503 [Worker-5] INFO  o.a.AndroidAnnotationProcessor:108 - Start processing for 5 annotations on 32 elements
16:21:10.527 [Worker-5] DEBUG o.a.h.AndroidManifestFinder:137 - AndroidManifest.xml file found in parent folder D:\workspace\“Ù¿÷≤•∑≈∆˜(Œ“£©: D:\workspace\“Ù¿÷≤•∑≈∆˜(Œ“£©\AndroidManifest.xml
16:21:10.531 [Worker-5] INFO  o.a.AndroidAnnotationProcessor:171 - AndroidManifest.xml found: AndroidManifest [applicationPackage=com.example.activity, componentQualifiedNames=[com.example.music.activity.MainActivity_, com.example.music.activity.PlayerActivity_, com.example.music.activity.SplashActivity, com.example.music.server.MusicService, com.example.music.widget.MyWidget], permissionQualifiedNames=[android.permission.INTERNET, android.permission.WRITE_EXTERNAL_STORAGE], applicationClassName=null, libraryProject=false, debugabble=false, minSdkVersion=14, maxSdkVersion=-1, targetSdkVersion=17]
16:21:10.532 [Worker-5] INFO  o.a.r.ProjectRClassFinder:50 - Found project R class: com.example.activity.R
16:21:10.535 [Worker-5] INFO  o.a.r.AndroidRClassFinder:44 - Found Android class: android.R
16:21:10.597 [Worker-5] INFO  o.a.p.ModelValidator:42 - Validating elements
16:21:10.598 [Worker-5] DEBUG o.a.p.ModelValidator:62 - Validating with EActivityHandler: [com.example.music.activity.PlayerActivity, com.example.music.activity.MainActivity]
16:21:10.602 [Worker-5] DEBUG o.a.p.ModelValidator:62 - Validating with ViewByIdHandler: [tvCurrent, seekBar, Viewheader, headerView, discView, tvDuration, listView]
16:21:10.607 [Worker-5] DEBUG o.a.p.ModelValidator:62 - Validating with ViewsByIdHandler: [ibList]
16:21:10.610 [Worker-5] DEBUG o.a.p.ModelValidator:62 - Validating with ClickHandler: [public void onClick(android.view.View) ]
16:21:10.613 [Worker-5] DEBUG o.a.p.ModelValidator:62 - Validating with AfterViewsHandler: [public void init() ]
16:21:10.625 [Worker-5] INFO  o.a.p.ModelProcessor:69 - Processing root elements
16:21:10.627 [Worker-5] DEBUG o.a.p.ModelProcessor:160 - Processing root elements EActivityHandler: [com.example.music.activity.PlayerActivity, com.example.music.activity.MainActivity]
16:21:10.664 [Worker-5] INFO  o.a.p.ModelProcessor:77 - Processing enclosed elements
16:21:10.668 [Worker-5] INFO  o.a.AndroidAnnotationProcessor:250 - Number of files generated by AndroidAnnotations: 2
16:21:10.671 [Worker-5] INFO  o.a.g.ApiCodeGenerator:52 - Writting following API classes in project: []
16:21:10.674 [Worker-5] DEBUG o.a.g.SourceCodewriter:55 - Generating class: com.example.music.activity.MainActivity_
16:21:10.684 [Worker-5] DEBUG o.a.g.SourceCodewriter:55 - Generating class: com.example.music.activity.PlayerActivity_
16:21:10.693 [Worker-5] INFO  o.a.p.TimeStats:81 - Time measurements: [Whole Processing = 190 ms], [Process Annotations = 54 ms], [Generate Sources = 25 ms], [Extract Annotations = 23 ms], [Validate Annotations = 18 ms], [Find R Classes = 16 ms], [Extract Manifest = 3 ms], 
16:21:10.694 [Worker-5] INFO  o.a.AndroidAnnotationProcessor:122 - Finish processing
17:10:45.194 [Worker-1] INFO  o.a.AndroidAnnotationProcessor:84 - Initialize AndroidAnnotations 3.2 with options {phase=BUILD}
17:10:45.339 [Worker-1] INFO  o.a.AndroidAnnotationProcessor:108 - Start processing for 5 annotations on 32 elements
17:10:45.348 [Worker-1] DEBUG o.a.h.AndroidManifestFinder:137 - AndroidManifest.xml file found in parent folder D:\workspace\“Ù¿÷≤•∑≈∆˜(Œ“£©: D:\workspace\“Ù¿÷≤•∑≈∆˜(Œ“£©\AndroidManifest.xml
17:10:45.376 [Worker-1] INFO  o.a.AndroidAnnotationProcessor:171 - AndroidManifest.xml found: AndroidManifest [applicationPackage=com.example.activity, componentQualifiedNames=[com.example.music.activity.MainActivity_, com.example.music.activity.PlayerActivity_, com.example.music.activity.SplashActivity, com.example.music.server.MusicService, com.example.music.widget.MyWidget], permissionQualifiedNames=[android.permission.INTERNET, android.permission.WRITE_EXTERNAL_STORAGE], applicationClassName=null, libraryProject=false, debugabble=false, minSdkVersion=14, maxSdkVersion=-1, targetSdkVersion=17]
17:10:45.380 [Worker-1] INFO  o.a.r.ProjectRClassFinder:50 - Found project R class: com.example.activity.R
17:10:45.397 [Worker-1] ERROR o.a.r.AndroidRClassFinder:40 - The android.R class cannot be found
17:10:45.398 [Worker-1] INFO  o.a.p.TimeStats:81 - Time measurements: [Whole Processing = 59 ms], [Extract Manifest = 29 ms], [Extract Annotations = 6 ms], 
17:10:45.399 [Worker-1] INFO  o.a.AndroidAnnotationProcessor:122 - Finish processing
17:11:45.824 [Worker-3] INFO  o.a.AndroidAnnotationProcessor:84 - Initialize AndroidAnnotations 3.2 with options {phase=BUILD}
17:11:45.827 [Worker-3] INFO  o.a.AndroidAnnotationProcessor:108 - Start processing for 5 annotations on 32 elements
17:11:45.860 [Worker-3] DEBUG o.a.h.AndroidManifestFinder:137 - AndroidManifest.xml file found in parent folder D:\workspace\“Ù¿÷≤•∑≈∆˜(Œ“£©: D:\workspace\“Ù¿÷≤•∑≈∆˜(Œ“£©\AndroidManifest.xml
17:11:45.885 [Worker-3] INFO  o.a.AndroidAnnotationProcessor:171 - AndroidManifest.xml found: AndroidManifest [applicationPackage=com.example.activity, componentQualifiedNames=[com.example.music.activity.MainActivity_, com.example.music.activity.PlayerActivity_, com.example.music.activity.SplashActivity, com.example.music.server.MusicService, com.example.music.widget.MyWidget], permissionQualifiedNames=[android.permission.INTERNET, android.permission.WRITE_EXTERNAL_STORAGE], applicationClassName=null, libraryProject=false, debugabble=false, minSdkVersion=14, maxSdkVersion=-1, targetSdkVersion=17]
17:11:45.887 [Worker-3] INFO  o.a.r.ProjectRClassFinder:50 - Found project R class: com.example.activity.R
17:11:45.890 [Worker-3] INFO  o.a.r.AndroidRClassFinder:44 - Found Android class: android.R
17:11:45.922 [Worker-3] INFO  o.a.p.ModelValidator:42 - Validating elements
17:11:45.924 [Worker-3] DEBUG o.a.p.ModelValidator:62 - Validating with EActivityHandler: [com.example.music.activity.PlayerActivity, com.example.music.activity.MainActivity]
17:11:45.929 [Worker-3] DEBUG o.a.p.ModelValidator:62 - Validating with ViewByIdHandler: [Viewheader, tvDuration, seekBar, headerView, tvCurrent, discView, listView]
17:11:45.935 [Worker-3] DEBUG o.a.p.ModelValidator:62 - Validating with ViewsByIdHandler: [ibList]
17:11:45.938 [Worker-3] DEBUG o.a.p.ModelValidator:62 - Validating with ClickHandler: [public void onClick(android.view.View) ]
17:11:45.943 [Worker-3] DEBUG o.a.p.ModelValidator:62 - Validating with AfterViewsHandler: [public void init() ]
17:11:45.959 [Worker-3] INFO  o.a.p.ModelProcessor:69 - Processing root elements
17:11:45.960 [Worker-3] DEBUG o.a.p.ModelProcessor:160 - Processing root elements EActivityHandler: [com.example.music.activity.PlayerActivity, com.example.music.activity.MainActivity]
17:11:46.5 [Worker-3] INFO  o.a.p.ModelProcessor:77 - Processing enclosed elements
17:11:46.11 [Worker-3] INFO  o.a.AndroidAnnotationProcessor:250 - Number of files generated by AndroidAnnotations: 2
17:11:46.17 [Worker-3] INFO  o.a.g.ApiCodeGenerator:52 - Writting following API classes in project: []
17:11:46.21 [Worker-3] DEBUG o.a.g.SourceCodewriter:55 - Generating class: com.example.music.activity.MainActivity_
17:11:46.33 [Worker-3] DEBUG o.a.g.SourceCodewriter:55 - Generating class: com.example.music.activity.PlayerActivity_
17:11:46.41 [Worker-3] INFO  o.a.p.TimeStats:81 - Time measurements: [Whole Processing = 214 ms], [Process Annotations = 67 ms], [Extract Annotations = 32 ms], [Generate Sources = 30 ms], [Extract Manifest = 25 ms], [Validate Annotations = 23 ms], [Find R Classes = 22 ms], 
17:11:46.42 [Worker-3] INFO  o.a.AndroidAnnotationProcessor:122 - Finish processing
17:28:27.458 [Worker-10] INFO  o.a.AndroidAnnotationProcessor:84 - Initialize AndroidAnnotations 3.2 with options {phase=BUILD}
17:28:27.553 [Worker-10] INFO  o.a.AndroidAnnotationProcessor:108 - Start processing for 5 annotations on 32 elements
17:28:27.563 [Worker-10] DEBUG o.a.h.AndroidManifestFinder:137 - AndroidManifest.xml file found in parent folder D:\workspace\“Ù¿÷≤•∑≈∆˜(Œ“£©: D:\workspace\“Ù¿÷≤•∑≈∆˜(Œ“£©\AndroidManifest.xml
17:28:27.578 [Worker-10] INFO  o.a.AndroidAnnotationProcessor:171 - AndroidManifest.xml found: AndroidManifest [applicationPackage=com.example.activity, componentQualifiedNames=[com.example.music.activity.MainActivity_, com.example.music.activity.PlayerActivity_, com.example.music.activity.SplashActivity, com.example.music.server.MusicService, com.example.music.widget.MyWidget], permissionQualifiedNames=[android.permission.INTERNET, android.permission.WRITE_EXTERNAL_STORAGE], applicationClassName=null, libraryProject=false, debugabble=false, minSdkVersion=14, maxSdkVersion=-1, targetSdkVersion=17]
17:28:27.580 [Worker-10] INFO  o.a.r.ProjectRClassFinder:50 - Found project R class: com.example.activity.R
17:28:27.588 [Worker-10] ERROR o.a.r.AndroidRClassFinder:40 - The android.R class cannot be found
17:28:27.589 [Worker-10] INFO  o.a.p.TimeStats:81 - Time measurements: [Whole Processing = 36 ms], [Extract Manifest = 17 ms], [Extract Annotations = 7 ms], 
17:28:27.590 [Worker-10] INFO  o.a.AndroidAnnotationProcessor:122 - Finish processing
17:29:09.105 [Worker-1] INFO  o.a.AndroidAnnotationProcessor:84 - Initialize AndroidAnnotations 3.2 with options {phase=BUILD}
17:29:09.107 [Worker-1] INFO  o.a.AndroidAnnotationProcessor:108 - Start processing for 5 annotations on 32 elements
17:29:09.135 [Worker-1] DEBUG o.a.h.AndroidManifestFinder:137 - AndroidManifest.xml file found in parent folder D:\workspace\“Ù¿÷≤•∑≈∆˜(Œ“£©: D:\workspace\“Ù¿÷≤•∑≈∆˜(Œ“£©\AndroidManifest.xml
17:29:09.139 [Worker-1] INFO  o.a.AndroidAnnotationProcessor:171 - AndroidManifest.xml found: AndroidManifest [applicationPackage=com.example.activity, componentQualifiedNames=[com.example.music.activity.MainActivity_, com.example.music.activity.PlayerActivity_, com.example.music.activity.SplashActivity, com.example.music.server.MusicService, com.example.music.widget.MyWidget], permissionQualifiedNames=[android.permission.INTERNET, android.permission.WRITE_EXTERNAL_STORAGE], applicationClassName=null, libraryProject=false, debugabble=false, minSdkVersion=14, maxSdkVersion=-1, targetSdkVersion=17]
17:29:09.140 [Worker-1] INFO  o.a.r.ProjectRClassFinder:50 - Found project R class: com.example.activity.R
17:29:09.144 [Worker-1] INFO  o.a.r.AndroidRClassFinder:44 - Found Android class: android.R
17:29:09.168 [Worker-1] INFO  o.a.p.ModelValidator:42 - Validating elements
17:29:09.169 [Worker-1] DEBUG o.a.p.ModelValidator:62 - Validating with EActivityHandler: [com.example.music.activity.PlayerActivity, com.example.music.activity.MainActivity]
17:29:09.173 [Worker-1] DEBUG o.a.p.ModelValidator:62 - Validating with ViewByIdHandler: [Viewheader, tvDuration, discView, headerView, tvCurrent, seekBar, listView]
17:29:09.178 [Worker-1] DEBUG o.a.p.ModelValidator:62 - Validating with ViewsByIdHandler: [ibList]
17:29:09.181 [Worker-1] DEBUG o.a.p.ModelValidator:62 - Validating with ClickHandler: [public void onClick(android.view.View) ]
17:29:09.185 [Worker-1] DEBUG o.a.p.ModelValidator:62 - Validating with AfterViewsHandler: [public void init() ]
17:29:09.199 [Worker-1] INFO  o.a.p.ModelProcessor:69 - Processing root elements
17:29:09.200 [Worker-1] DEBUG o.a.p.ModelProcessor:160 - Processing root elements EActivityHandler: [com.example.music.activity.PlayerActivity, com.example.music.activity.MainActivity]
17:29:09.245 [Worker-1] INFO  o.a.p.ModelProcessor:77 - Processing enclosed elements
17:29:09.251 [Worker-1] INFO  o.a.AndroidAnnotationProcessor:250 - Number of files generated by AndroidAnnotations: 2
17:29:09.255 [Worker-1] INFO  o.a.g.ApiCodeGenerator:52 - Writting following API classes in project: []
17:29:09.258 [Worker-1] DEBUG o.a.g.SourceCodewriter:55 - Generating class: com.example.music.activity.MainActivity_
17:29:09.270 [Worker-1] DEBUG o.a.g.SourceCodewriter:55 - Generating class: com.example.music.activity.PlayerActivity_
17:29:09.277 [Worker-1] INFO  o.a.p.TimeStats:81 - Time measurements: [Whole Processing = 170 ms], [Process Annotations = 65 ms], [Extract Annotations = 26 ms], [Generate Sources = 26 ms], [Validate Annotations = 19 ms], [Find R Classes = 16 ms], [Extract Manifest = 4 ms], 
17:29:09.278 [Worker-1] INFO  o.a.AndroidAnnotationProcessor:122 - Finish processing
19:16:17.216 [Worker-1] INFO  o.a.AndroidAnnotationProcessor:84 - Initialize AndroidAnnotations 3.2 with options {phase=BUILD}
09:41:25.461 [Worker-4] INFO  o.a.AndroidAnnotationProcessor:84 - Initialize AndroidAnnotations 3.2 with options {phase=BUILD}
09:41:25.601 [Worker-4] INFO  o.a.AndroidAnnotationProcessor:108 - Start processing for 5 annotations on 32 elements
09:41:25.601 [Worker-4] DEBUG o.a.h.AndroidManifestFinder:137 - AndroidManifest.xml file found in parent folder D:\workspace\“Ù¿÷≤•∑≈∆˜(Œ“£©: D:\workspace\“Ù¿÷≤•∑≈∆˜(Œ“£©\AndroidManifest.xml
09:41:25.648 [Worker-4] INFO  o.a.AndroidAnnotationProcessor:171 - AndroidManifest.xml found: AndroidManifest [applicationPackage=com.example.activity, componentQualifiedNames=[com.example.music.activity.MainActivity_, com.example.music.activity.PlayerActivity_, com.example.music.activity.SplashActivity, com.example.music.server.MusicService, com.example.music.widget.MyWidget], permissionQualifiedNames=[android.permission.INTERNET, android.permission.WRITE_EXTERNAL_STORAGE], applicationClassName=null, libraryProject=false, debugabble=false, minSdkVersion=14, maxSdkVersion=-1, targetSdkVersion=17]
09:41:25.648 [Worker-4] INFO  o.a.r.ProjectRClassFinder:50 - Found project R class: com.example.activity.R
09:41:25.679 [Worker-4] ERROR o.a.r.AndroidRClassFinder:40 - The android.R class cannot be found
09:41:25.679 [Worker-4] INFO  o.a.p.TimeStats:81 - Time measurements: [Whole Processing = 78 ms], [Extract Manifest = 47 ms], [Extract Annotations = 0 ms], 
09:41:25.679 [Worker-4] INFO  o.a.AndroidAnnotationProcessor:122 - Finish processing
09:42:08.787 [Worker-5] INFO  o.a.AndroidAnnotationProcessor:84 - Initialize AndroidAnnotations 3.2 with options {phase=BUILD}
09:42:08.787 [Worker-5] INFO  o.a.AndroidAnnotationProcessor:108 - Start processing for 5 annotations on 32 elements
09:42:08.802 [Worker-5] DEBUG o.a.h.AndroidManifestFinder:137 - AndroidManifest.xml file found in parent folder D:\workspace\“Ù¿÷≤•∑≈∆˜(Œ“£©: D:\workspace\“Ù¿÷≤•∑≈∆˜(Œ“£©\AndroidManifest.xml
09:42:08.849 [Worker-5] INFO  o.a.AndroidAnnotationProcessor:171 - AndroidManifest.xml found: AndroidManifest [applicationPackage=com.example.activity, componentQualifiedNames=[com.example.music.activity.MainActivity_, com.example.music.activity.PlayerActivity_, com.example.music.activity.SplashActivity, com.example.music.server.MusicService, com.example.music.widget.MyWidget], permissionQualifiedNames=[android.permission.INTERNET, android.permission.WRITE_EXTERNAL_STORAGE], applicationClassName=null, libraryProject=false, debugabble=false, minSdkVersion=14, maxSdkVersion=-1, targetSdkVersion=17]
09:42:08.849 [Worker-5] INFO  o.a.r.ProjectRClassFinder:50 - Found project R class: com.example.activity.R
09:42:08.865 [Worker-5] INFO  o.a.r.AndroidRClassFinder:44 - Found Android class: android.R
09:42:08.911 [Worker-5] INFO  o.a.p.ModelValidator:42 - Validating elements
09:42:08.911 [Worker-5] DEBUG o.a.p.ModelValidator:62 - Validating with EActivityHandler: [com.example.music.activity.PlayerActivity, com.example.music.activity.MainActivity]
09:42:08.911 [Worker-5] DEBUG o.a.p.ModelValidator:62 - Validating with ViewByIdHandler: [listView, tvCurrent, seekBar, discView, Viewheader, headerView, tvDuration]
09:42:08.927 [Worker-5] DEBUG o.a.p.ModelValidator:62 - Validating with ViewsByIdHandler: [ibList]
09:42:08.927 [Worker-5] DEBUG o.a.p.ModelValidator:62 - Validating with ClickHandler: [public void onClick(android.view.View) ]
09:42:08.927 [Worker-5] DEBUG o.a.p.ModelValidator:62 - Validating with AfterViewsHandler: [public void init() ]
09:42:08.943 [Worker-5] INFO  o.a.p.ModelProcessor:69 - Processing root elements
09:42:08.943 [Worker-5] DEBUG o.a.p.ModelProcessor:160 - Processing root elements EActivityHandler: [com.example.music.activity.PlayerActivity, com.example.music.activity.MainActivity]
09:42:08.974 [Worker-5] INFO  o.a.p.ModelProcessor:77 - Processing enclosed elements
09:42:08.989 [Worker-5] INFO  o.a.AndroidAnnotationProcessor:250 - Number of files generated by AndroidAnnotations: 2
09:42:08.989 [Worker-5] INFO  o.a.g.ApiCodeGenerator:52 - Writting following API classes in project: []
09:42:08.989 [Worker-5] DEBUG o.a.g.SourceCodewriter:55 - Generating class: com.example.music.activity.MainActivity_
09:42:09.5 [Worker-5] DEBUG o.a.g.SourceCodewriter:55 - Generating class: com.example.music.activity.PlayerActivity_
09:42:09.5 [Worker-5] INFO  o.a.p.TimeStats:81 - Time measurements: [Whole Processing = 218 ms], [Process Annotations = 62 ms], [Extract Manifest = 47 ms], [Find R Classes = 31 ms], [Validate Annotations = 16 ms], [Generate Sources = 16 ms], [Extract Annotations = 15 ms], 
09:42:09.5 [Worker-5] INFO  o.a.AndroidAnnotationProcessor:122 - Finish processing
12:18:51.603 [Worker-9] INFO  o.a.AndroidAnnotationProcessor:84 - Initialize AndroidAnnotations 3.2 with options {phase=BUILD}
15:39:23.89 [Worker-17] INFO  o.a.AndroidAnnotationProcessor:84 - Initialize AndroidAnnotations 3.2 with options {phase=BUILD}
15:39:23.92 [Worker-17] INFO  o.a.AndroidAnnotationProcessor:108 - Start processing for 2 annotations on 1 elements
15:39:23.136 [Worker-17] DEBUG o.a.h.AndroidManifestFinder:137 - AndroidManifest.xml file found in parent folder D:\workspace\“Ù¿÷≤•∑≈∆˜(Œ“£©: D:\workspace\“Ù¿÷≤•∑≈∆˜(Œ“£©\AndroidManifest.xml
15:39:23.162 [Worker-17] INFO  o.a.AndroidAnnotationProcessor:171 - AndroidManifest.xml found: AndroidManifest [applicationPackage=com.example.activity, componentQualifiedNames=[com.example.music.activity.MainActivity_, com.example.music.activity.PlayerActivity_, com.example.music.activity.SplashActivity, com.example.music.server.MusicService, com.example.music.widget.MyWidget], permissionQualifiedNames=[android.permission.INTERNET, android.permission.WRITE_EXTERNAL_STORAGE], applicationClassName=null, libraryProject=false, debugabble=false, minSdkVersion=14, maxSdkVersion=-1, targetSdkVersion=17]
15:39:23.164 [Worker-17] INFO  o.a.r.ProjectRClassFinder:50 - Found project R class: com.example.activity.R
15:39:23.211 [Worker-17] INFO  o.a.r.AndroidRClassFinder:44 - Found Android class: android.R
15:39:23.251 [Worker-17] INFO  o.a.p.ModelValidator:42 - Validating elements
15:39:23.252 [Worker-17] DEBUG o.a.p.ModelValidator:62 - Validating with EActivityHandler: [com.example.music.activity.MainActivity]
15:39:23.257 [Worker-17] DEBUG o.a.p.ModelValidator:62 - Validating with ViewByIdHandler: [listView, headerView]
15:39:23.276 [Worker-17] INFO  o.a.p.ModelProcessor:69 - Processing root elements
15:39:23.277 [Worker-17] DEBUG o.a.p.ModelProcessor:160 - Processing root elements EActivityHandler: [com.example.music.activity.MainActivity]
15:39:23.319 [Worker-17] INFO  o.a.p.ModelProcessor:77 - Processing enclosed elements
15:39:23.322 [Worker-17] INFO  o.a.AndroidAnnotationProcessor:250 - Number of files generated by AndroidAnnotations: 1
15:39:23.326 [Worker-17] INFO  o.a.g.ApiCodeGenerator:52 - Writting following API classes in project: []
15:39:23.329 [Worker-17] DEBUG o.a.g.SourceCodewriter:55 - Generating class: com.example.music.activity.MainActivity_
15:39:23.351 [Worker-17] INFO  o.a.p.TimeStats:81 - Time measurements: [Whole Processing = 260 ms], [Find R Classes = 59 ms], [Process Annotations = 59 ms], [Extract Annotations = 40 ms], [Generate Sources = 29 ms], [Extract Manifest = 28 ms], [Validate Annotations = 12 ms], 
15:39:23.352 [Worker-17] INFO  o.a.AndroidAnnotationProcessor:122 - Finish processing
15:51:27.900 [Worker-3] INFO  o.a.AndroidAnnotationProcessor:84 - Initialize AndroidAnnotations 3.2 with options {phase=BUILD}
15:51:28.2 [Worker-3] INFO  o.a.AndroidAnnotationProcessor:108 - Start processing for 5 annotations on 32 elements
15:51:28.12 [Worker-3] DEBUG o.a.h.AndroidManifestFinder:137 - AndroidManifest.xml file found in parent folder D:\workspace\“Ù¿÷≤•∑≈∆˜(Œ“£©: D:\workspace\“Ù¿÷≤•∑≈∆˜(Œ“£©\AndroidManifest.xml
15:51:28.30 [Worker-3] INFO  o.a.AndroidAnnotationProcessor:171 - AndroidManifest.xml found: AndroidManifest [applicationPackage=com.example.activity, componentQualifiedNames=[com.example.music.activity.MainActivity_, com.example.music.activity.PlayerActivity_, com.example.music.activity.SplashActivity, com.example.music.server.MusicService, com.example.music.widget.MyWidget], permissionQualifiedNames=[android.permission.INTERNET, android.permission.WRITE_EXTERNAL_STORAGE], applicationClassName=null, libraryProject=false, debugabble=false, minSdkVersion=14, maxSdkVersion=-1, targetSdkVersion=17]
15:51:28.33 [Worker-3] INFO  o.a.r.ProjectRClassFinder:50 - Found project R class: com.example.activity.R
15:51:28.44 [Worker-3] ERROR o.a.r.AndroidRClassFinder:40 - The android.R class cannot be found
15:51:28.45 [Worker-3] INFO  o.a.p.TimeStats:81 - Time measurements: [Whole Processing = 43 ms], [Extract Manifest = 20 ms], [Extract Annotations = 7 ms], 
15:51:28.46 [Worker-3] INFO  o.a.AndroidAnnotationProcessor:122 - Finish processing
15:52:19.602 [Worker-5] INFO  o.a.AndroidAnnotationProcessor:84 - Initialize AndroidAnnotations 3.2 with options {phase=BUILD}
15:52:19.604 [Worker-5] INFO  o.a.AndroidAnnotationProcessor:108 - Start processing for 5 annotations on 32 elements
15:52:19.627 [Worker-5] DEBUG o.a.h.AndroidManifestFinder:137 - AndroidManifest.xml file found in parent folder D:\workspace\“Ù¿÷≤•∑≈∆˜(Œ“£©: D:\workspace\“Ù¿÷≤•∑≈∆˜(Œ“£©\AndroidManifest.xml
15:52:19.632 [Worker-5] INFO  o.a.AndroidAnnotationProcessor:171 - AndroidManifest.xml found: AndroidManifest [applicationPackage=com.example.activity, componentQualifiedNames=[com.example.music.activity.MainActivity_, com.example.music.activity.PlayerActivity_, com.example.music.activity.SplashActivity, com.example.music.server.MusicService, com.example.music.widget.MyWidget], permissionQualifiedNames=[android.permission.INTERNET, android.permission.WRITE_EXTERNAL_STORAGE], applicationClassName=null, libraryProject=false, debugabble=false, minSdkVersion=14, maxSdkVersion=-1, targetSdkVersion=17]
15:52:19.633 [Worker-5] INFO  o.a.r.ProjectRClassFinder:50 - Found project R class: com.example.activity.R
15:52:19.636 [Worker-5] INFO  o.a.r.AndroidRClassFinder:44 - Found Android class: android.R
15:52:19.662 [Worker-5] INFO  o.a.p.ModelValidator:42 - Validating elements
15:52:19.663 [Worker-5] DEBUG o.a.p.ModelValidator:62 - Validating with EActivityHandler: [com.example.music.activity.PlayerActivity, com.example.music.activity.MainActivity]
15:52:19.668 [Worker-5] DEBUG o.a.p.ModelValidator:62 - Validating with ViewByIdHandler: [tvDuration, headerView, listView, seekBar, Viewheader, tvCurrent, discView]
15:52:19.673 [Worker-5] DEBUG o.a.p.ModelValidator:62 - Validating with ViewsByIdHandler: [ibList]
15:52:19.675 [Worker-5] DEBUG o.a.p.ModelValidator:62 - Validating with ClickHandler: [public void onClick(android.view.View) ]
15:52:19.679 [Worker-5] DEBUG o.a.p.ModelValidator:62 - Validating with AfterViewsHandler: [public void init() ]
15:52:19.690 [Worker-5] INFO  o.a.p.ModelProcessor:69 - Processing root elements
15:52:19.691 [Worker-5] DEBUG o.a.p.ModelProcessor:160 - Processing root elements EActivityHandler: [com.example.music.activity.PlayerActivity, com.example.music.activity.MainActivity]
15:52:19.725 [Worker-5] INFO  o.a.p.ModelProcessor:77 - Processing enclosed elements
15:52:19.730 [Worker-5] INFO  o.a.AndroidAnnotationProcessor:250 - Number of files generated by AndroidAnnotations: 2
15:52:19.733 [Worker-5] INFO  o.a.g.ApiCodeGenerator:52 - Writting following API classes in project: []
15:52:19.735 [Worker-5] DEBUG o.a.g.SourceCodewriter:55 - Generating class: com.example.music.activity.MainActivity_
15:52:19.746 [Worker-5] DEBUG o.a.g.SourceCodewriter:55 - Generating class: com.example.music.activity.PlayerActivity_
15:52:19.754 [Worker-5] INFO  o.a.p.TimeStats:81 - Time measurements: [Whole Processing = 150 ms], [Process Annotations = 50 ms], [Generate Sources = 24 ms], [Extract Annotations = 21 ms], [Find R Classes = 19 ms], [Validate Annotations = 19 ms], [Extract Manifest = 6 ms], 
15:52:19.755 [Worker-5] INFO  o.a.AndroidAnnotationProcessor:122 - Finish processing
09:31:53.66 [Worker-0] INFO  o.a.AndroidAnnotationProcessor:84 - Initialize AndroidAnnotations 3.2 with options {phase=BUILD}
14:47:41.798 [Worker-4] INFO  o.a.AndroidAnnotationProcessor:84 - Initialize AndroidAnnotations 3.2 with options {phase=BUILD}
14:47:42.182 [Worker-4] INFO  o.a.AndroidAnnotationProcessor:108 - Start processing for 5 annotations on 32 elements
14:47:42.193 [Worker-4] DEBUG o.a.h.AndroidManifestFinder:137 - AndroidManifest.xml file found in parent folder D:\workspace\“Ù¿÷≤•∑≈∆˜(Œ“£©: D:\workspace\“Ù¿÷≤•∑≈∆˜(Œ“£©\AndroidManifest.xml
14:47:42.263 [Worker-4] INFO  o.a.AndroidAnnotationProcessor:171 - AndroidManifest.xml found: AndroidManifest [applicationPackage=com.example.activity, componentQualifiedNames=[com.example.music.activity.MainActivity_, com.example.music.activity.PlayerActivity_, com.example.music.activity.SplashActivity, com.example.music.server.MusicService, com.example.music.widget.MyWidget], permissionQualifiedNames=[android.permission.INTERNET, android.permission.WRITE_EXTERNAL_STORAGE], applicationClassName=null, libraryProject=false, debugabble=false, minSdkVersion=14, maxSdkVersion=-1, targetSdkVersion=17]
14:47:42.265 [Worker-4] INFO  o.a.r.ProjectRClassFinder:50 - Found project R class: com.example.activity.R
14:47:42.365 [Worker-4] ERROR o.a.r.AndroidRClassFinder:40 - The android.R class cannot be found
14:47:42.366 [Worker-4] INFO  o.a.p.TimeStats:81 - Time measurements: [Whole Processing = 185 ms], [Extract Manifest = 73 ms], [Extract Annotations = 6 ms], 
14:47:42.367 [Worker-4] INFO  o.a.AndroidAnnotationProcessor:122 - Finish processing
14:48:41.717 [Worker-1] INFO  o.a.AndroidAnnotationProcessor:84 - Initialize AndroidAnnotations 3.2 with options {phase=BUILD}
14:48:41.719 [Worker-1] INFO  o.a.AndroidAnnotationProcessor:108 - Start processing for 5 annotations on 32 elements
14:48:41.768 [Worker-1] DEBUG o.a.h.AndroidManifestFinder:137 - AndroidManifest.xml file found in parent folder D:\workspace\“Ù¿÷≤•∑≈∆˜(Œ“£©: D:\workspace\“Ù¿÷≤•∑≈∆˜(Œ“£©\AndroidManifest.xml
14:48:41.773 [Worker-1] INFO  o.a.AndroidAnnotationProcessor:171 - AndroidManifest.xml found: AndroidManifest [applicationPackage=com.example.activity, componentQualifiedNames=[com.example.music.activity.MainActivity_, com.example.music.activity.PlayerActivity_, com.example.music.activity.SplashActivity, com.example.music.server.MusicService, com.example.music.widget.MyWidget], permissionQualifiedNames=[android.permission.INTERNET, android.permission.WRITE_EXTERNAL_STORAGE], applicationClassName=null, libraryProject=false, debugabble=false, minSdkVersion=14, maxSdkVersion=-1, targetSdkVersion=17]
14:48:41.774 [Worker-1] INFO  o.a.r.ProjectRClassFinder:50 - Found project R class: com.example.activity.R
14:48:41.777 [Worker-1] INFO  o.a.r.AndroidRClassFinder:44 - Found Android class: android.R
14:48:41.855 [Worker-1] INFO  o.a.p.ModelValidator:42 - Validating elements
14:48:41.856 [Worker-1] DEBUG o.a.p.ModelValidator:62 - Validating with EActivityHandler: [com.example.music.activity.PlayerActivity, com.example.music.activity.MainActivity]
14:48:41.861 [Worker-1] DEBUG o.a.p.ModelValidator:62 - Validating with ViewByIdHandler: [seekBar, Viewheader, tvCurrent, listView, discView, tvDuration, headerView]
14:48:41.868 [Worker-1] DEBUG o.a.p.ModelValidator:62 - Validating with ViewsByIdHandler: [ibList]
14:48:41.871 [Worker-1] DEBUG o.a.p.ModelValidator:62 - Validating with ClickHandler: [public void onClick(android.view.View) ]
14:48:41.875 [Worker-1] DEBUG o.a.p.ModelValidator:62 - Validating with AfterViewsHandler: [public void init() ]
14:48:41.890 [Worker-1] INFO  o.a.p.ModelProcessor:69 - Processing root elements
14:48:41.891 [Worker-1] DEBUG o.a.p.ModelProcessor:160 - Processing root elements EActivityHandler: [com.example.music.activity.PlayerActivity, com.example.music.activity.MainActivity]
14:48:41.934 [Worker-1] INFO  o.a.p.ModelProcessor:77 - Processing enclosed elements
14:48:41.939 [Worker-1] INFO  o.a.AndroidAnnotationProcessor:250 - Number of files generated by AndroidAnnotations: 2
14:48:41.942 [Worker-1] INFO  o.a.g.ApiCodeGenerator:52 - Writting following API classes in project: []
14:48:41.945 [Worker-1] DEBUG o.a.g.SourceCodewriter:55 - Generating class: com.example.music.activity.MainActivity_
14:48:41.956 [Worker-1] DEBUG o.a.g.SourceCodewriter:55 - Generating class: com.example.music.activity.PlayerActivity_
14:48:41.964 [Worker-1] INFO  o.a.p.TimeStats:81 - Time measurements: [Whole Processing = 245 ms], [Process Annotations = 62 ms], [Find R Classes = 55 ms], [Extract Annotations = 49 ms], [Generate Sources = 25 ms], [Validate Annotations = 23 ms], [Extract Manifest = 5 ms], 
14:48:41.965 [Worker-1] INFO  o.a.AndroidAnnotationProcessor:122 - Finish processing
17:15:55.79 [Worker-1] INFO  o.a.AndroidAnnotationProcessor:84 - Initialize AndroidAnnotations 3.2 with options {phase=BUILD}
17:15:55.336 [Worker-1] INFO  o.a.AndroidAnnotationProcessor:108 - Start processing for 5 annotations on 32 elements
17:15:55.347 [Worker-1] DEBUG o.a.h.AndroidManifestFinder:137 - AndroidManifest.xml file found in parent folder D:\workspace\“Ù¿÷≤•∑≈∆˜(Œ“£©: D:\workspace\“Ù¿÷≤•∑≈∆˜(Œ“£©\AndroidManifest.xml
17:15:55.375 [Worker-1] INFO  o.a.AndroidAnnotationProcessor:171 - AndroidManifest.xml found: AndroidManifest [applicationPackage=com.example.activity, componentQualifiedNames=[com.example.music.activity.MainActivity_, com.example.music.activity.PlayerActivity_, com.example.music.activity.SplashActivity, com.example.music.server.MusicService, com.example.music.widget.MyWidget], permissionQualifiedNames=[android.permission.INTERNET, android.permission.WRITE_EXTERNAL_STORAGE], applicationClassName=null, libraryProject=false, debugabble=false, minSdkVersion=14, maxSdkVersion=-1, targetSdkVersion=17]
17:15:55.377 [Worker-1] INFO  o.a.r.ProjectRClassFinder:50 - Found project R class: com.example.activity.R
17:15:55.386 [Worker-1] ERROR o.a.r.AndroidRClassFinder:40 - The android.R class cannot be found
17:15:55.387 [Worker-1] INFO  o.a.p.TimeStats:81 - Time measurements: [Whole Processing = 51 ms], [Extract Manifest = 29 ms], [Extract Annotations = 7 ms], 
17:15:55.387 [Worker-1] INFO  o.a.AndroidAnnotationProcessor:122 - Finish processing
17:16:47.375 [Worker-5] INFO  o.a.AndroidAnnotationProcessor:84 - Initialize AndroidAnnotations 3.2 with options {phase=BUILD}
17:16:47.376 [Worker-5] INFO  o.a.AndroidAnnotationProcessor:108 - Start processing for 5 annotations on 32 elements
17:16:47.405 [Worker-5] DEBUG o.a.h.AndroidManifestFinder:137 - AndroidManifest.xml file found in parent folder D:\workspace\“Ù¿÷≤•∑≈∆˜(Œ“£©: D:\workspace\“Ù¿÷≤•∑≈∆˜(Œ“£©\AndroidManifest.xml
17:16:47.409 [Worker-5] INFO  o.a.AndroidAnnotationProcessor:171 - AndroidManifest.xml found: AndroidManifest [applicationPackage=com.example.activity, componentQualifiedNames=[com.example.music.activity.MainActivity_, com.example.music.activity.PlayerActivity_, com.example.music.activity.SplashActivity, com.example.music.server.MusicService, com.example.music.widget.MyWidget], permissionQualifiedNames=[android.permission.INTERNET, android.permission.WRITE_EXTERNAL_STORAGE], applicationClassName=null, libraryProject=false, debugabble=false, minSdkVersion=14, maxSdkVersion=-1, targetSdkVersion=17]
17:16:47.410 [Worker-5] INFO  o.a.r.ProjectRClassFinder:50 - Found project R class: com.example.activity.R
17:16:47.414 [Worker-5] INFO  o.a.r.AndroidRClassFinder:44 - Found Android class: android.R
17:16:47.445 [Worker-5] INFO  o.a.p.ModelValidator:42 - Validating elements
17:16:47.447 [Worker-5] DEBUG o.a.p.ModelValidator:62 - Validating with EActivityHandler: [com.example.music.activity.PlayerActivity, com.example.music.activity.MainActivity]
17:16:47.451 [Worker-5] DEBUG o.a.p.ModelValidator:62 - Validating with ViewByIdHandler: [listView, headerView, discView, Viewheader, tvDuration, tvCurrent, seekBar]
17:16:47.456 [Worker-5] DEBUG o.a.p.ModelValidator:62 - Validating with ViewsByIdHandler: [ibList]
17:16:47.458 [Worker-5] DEBUG o.a.p.ModelValidator:62 - Validating with ClickHandler: [public void onClick(android.view.View) ]
17:16:47.461 [Worker-5] DEBUG o.a.p.ModelValidator:62 - Validating with AfterViewsHandler: [public void init() ]
17:16:47.474 [Worker-5] INFO  o.a.p.ModelProcessor:69 - Processing root elements
17:16:47.475 [Worker-5] DEBUG o.a.p.ModelProcessor:160 - Processing root elements EActivityHandler: [com.example.music.activity.PlayerActivity, com.example.music.activity.MainActivity]
17:16:47.560 [Worker-5] INFO  o.a.p.ModelProcessor:77 - Processing enclosed elements
17:16:47.564 [Worker-5] INFO  o.a.AndroidAnnotationProcessor:250 - Number of files generated by AndroidAnnotations: 2
17:16:47.568 [Worker-5] INFO  o.a.g.ApiCodeGenerator:52 - Writting following API classes in project: []
17:16:47.570 [Worker-5] DEBUG o.a.g.SourceCodewriter:55 - Generating class: com.example.music.activity.MainActivity_
17:16:47.579 [Worker-5] DEBUG o.a.g.SourceCodewriter:55 - Generating class: com.example.music.activity.PlayerActivity_
17:16:47.586 [Worker-5] INFO  o.a.p.TimeStats:81 - Time measurements: [Whole Processing = 210 ms], [Process Annotations = 101 ms], [Extract Annotations = 28 ms], [Find R Classes = 22 ms], [Generate Sources = 22 ms], [Validate Annotations = 19 ms], [Extract Manifest = 4 ms], 
17:16:47.587 [Worker-5] INFO  o.a.AndroidAnnotationProcessor:122 - Finish processing
19:53:55.198 [Worker-8] INFO  o.a.AndroidAnnotationProcessor:84 - Initialize AndroidAnnotations 3.2 with options {phase=BUILD}
20:29:36.970 [Worker-5] INFO  o.a.AndroidAnnotationProcessor:84 - Initialize AndroidAnnotations 3.2 with options {phase=BUILD}
20:29:37.60 [Worker-5] INFO  o.a.AndroidAnnotationProcessor:108 - Start processing for 5 annotations on 32 elements
20:29:37.130 [Worker-5] DEBUG o.a.h.AndroidManifestFinder:137 - AndroidManifest.xml file found in parent folder D:\workspace\“Ù¿÷≤•∑≈∆˜(Œ“£©: D:\workspace\“Ù¿÷≤•∑≈∆˜(Œ“£©\AndroidManifest.xml
20:29:37.153 [Worker-5] INFO  o.a.AndroidAnnotationProcessor:171 - AndroidManifest.xml found: AndroidManifest [applicationPackage=com.example.activity, componentQualifiedNames=[com.example.music.activity.MainActivity_, com.example.music.activity.PlayerActivity_, com.example.music.activity.SplashActivity, com.example.music.server.MusicService, com.example.music.widget.MyWidget], permissionQualifiedNames=[android.permission.INTERNET, android.permission.WRITE_EXTERNAL_STORAGE], applicationClassName=null, libraryProject=false, debugabble=false, minSdkVersion=14, maxSdkVersion=-1, targetSdkVersion=17]
20:29:37.155 [Worker-5] INFO  o.a.r.ProjectRClassFinder:50 - Found project R class: com.example.activity.R
20:29:37.163 [Worker-5] INFO  o.a.r.AndroidRClassFinder:44 - Found Android class: android.R
20:29:37.188 [Worker-5] INFO  o.a.p.ModelValidator:42 - Validating elements
20:29:37.189 [Worker-5] DEBUG o.a.p.ModelValidator:62 - Validating with EActivityHandler: [com.example.music.activity.PlayerActivity, com.example.music.activity.MainActivity]
20:29:37.194 [Worker-5] DEBUG o.a.p.ModelValidator:62 - Validating with ViewByIdHandler: [seekBar, tvDuration, headerView, Viewheader, listView, tvCurrent, discView]
20:29:37.199 [Worker-5] DEBUG o.a.p.ModelValidator:62 - Validating with ViewsByIdHandler: [ibList]
20:29:37.202 [Worker-5] DEBUG o.a.p.ModelValidator:62 - Validating with ClickHandler: [public void onClick(android.view.View) ]
20:29:37.205 [Worker-5] DEBUG o.a.p.ModelValidator:62 - Validating with AfterViewsHandler: [public void init() ]
20:29:37.219 [Worker-5] INFO  o.a.p.ModelProcessor:69 - Processing root elements
20:29:37.220 [Worker-5] DEBUG o.a.p.ModelProcessor:160 - Processing root elements EActivityHandler: [com.example.music.activity.PlayerActivity, com.example.music.activity.MainActivity]
20:29:37.265 [Worker-5] INFO  o.a.p.ModelProcessor:77 - Processing enclosed elements
20:29:37.269 [Worker-5] INFO  o.a.AndroidAnnotationProcessor:250 - Number of files generated by AndroidAnnotations: 2
20:29:37.272 [Worker-5] INFO  o.a.g.ApiCodeGenerator:52 - Writting following API classes in project: []
20:29:37.276 [Worker-5] DEBUG o.a.g.SourceCodewriter:55 - Generating class: com.example.music.activity.MainActivity_
20:29:37.289 [Worker-5] DEBUG o.a.g.SourceCodewriter:55 - Generating class: com.example.music.activity.PlayerActivity_
20:29:37.301 [Worker-5] INFO  o.a.p.TimeStats:81 - Time measurements: [Whole Processing = 241 ms], [Extract Annotations = 66 ms], [Process Annotations = 63 ms], [Generate Sources = 32 ms], [Extract Manifest = 26 ms], [Find R Classes = 22 ms], [Validate Annotations = 19 ms], 
20:29:37.301 [Worker-5] INFO  o.a.AndroidAnnotationProcessor:122 - Finish processing
20:29:41.722 [Worker-10] INFO  o.a.AndroidAnnotationProcessor:84 - Initialize AndroidAnnotations 3.2 with options {phase=BUILD}
08:36:47.258 [Worker-10] INFO  o.a.AndroidAnnotationProcessor:84 - Initialize AndroidAnnotations 3.2 with options {phase=BUILD}
08:39:21.263 [Worker-2] INFO  o.a.AndroidAnnotationProcessor:84 - Initialize AndroidAnnotations 3.2 with options {phase=BUILD}
08:41:06.95 [Worker-4] INFO  o.a.AndroidAnnotationProcessor:84 - Initialize AndroidAnnotations 3.2 with options {phase=BUILD}
14:51:30.17 [Worker-0] INFO  o.a.AndroidAnnotationProcessor:84 - Initialize AndroidAnnotations 3.2 with options {phase=BUILD}
19:01:03.163 [Worker-6] INFO  o.a.AndroidAnnotationProcessor:84 - Initialize AndroidAnnotations 3.2 with options {phase=BUILD}
19:41:38.725 [Worker-4] INFO  o.a.AndroidAnnotationProcessor:84 - Initialize AndroidAnnotations 3.2 with options {phase=BUILD}
08:33:01.287 [Worker-5] INFO  o.a.AndroidAnnotationProcessor:84 - Initialize AndroidAnnotations 3.2 with options {phase=BUILD}
09:16:20.739 [Worker-13] INFO  o.a.AndroidAnnotationProcessor:84 - Initialize AndroidAnnotations 3.2 with options {phase=BUILD}
09:16:21.83 [Worker-13] INFO  o.a.AndroidAnnotationProcessor:108 - Start processing for 5 annotations on 2 elements
09:16:21.123 [Worker-13] DEBUG o.a.h.AndroidManifestFinder:137 - AndroidManifest.xml file found in parent folder D:\workspace\“Ù¿÷≤•∑≈∆˜(Œ“£©: D:\workspace\“Ù¿÷≤•∑≈∆˜(Œ“£©\AndroidManifest.xml
09:16:21.211 [Worker-13] INFO  o.a.AndroidAnnotationProcessor:171 - AndroidManifest.xml found: AndroidManifest [applicationPackage=com.example.activity, componentQualifiedNames=[com.example.music.activity.MainActivity_, com.example.music.activity.PlayerActivity_, com.example.music.activity.SplashActivity, com.example.music.server.MusicService, com.example.music.widget.MyWidget], permissionQualifiedNames=[android.permission.INTERNET, android.permission.WRITE_EXTERNAL_STORAGE], applicationClassName=null, libraryProject=false, debugabble=false, minSdkVersion=14, maxSdkVersion=-1, targetSdkVersion=17]
09:16:21.214 [Worker-13] INFO  o.a.r.ProjectRClassFinder:50 - Found project R class: com.example.activity.R
09:16:21.242 [Worker-13] INFO  o.a.r.AndroidRClassFinder:44 - Found Android class: android.R
09:16:21.288 [Worker-13] INFO  o.a.p.ModelValidator:42 - Validating elements
09:16:21.289 [Worker-13] DEBUG o.a.p.ModelValidator:62 - Validating with EActivityHandler: [com.example.music.activity.PlayerActivity]
09:16:21.294 [Worker-13] DEBUG o.a.p.ModelValidator:62 - Validating with ViewByIdHandler: [Viewheader, seekBar, discView, tvDuration, tvCurrent]
09:16:21.298 [Worker-13] DEBUG o.a.p.ModelValidator:62 - Validating with ViewsByIdHandler: [ibList]
09:16:21.301 [Worker-13] DEBUG o.a.p.ModelValidator:62 - Validating with ClickHandler: [public void onClick(android.view.View) ]
09:16:21.304 [Worker-13] DEBUG o.a.p.ModelValidator:62 - Validating with AfterViewsHandler: [public void init() ]
09:16:21.317 [Worker-13] INFO  o.a.p.ModelProcessor:69 - Processing root elements
09:16:21.317 [Worker-13] DEBUG o.a.p.ModelProcessor:160 - Processing root elements EActivityHandler: [com.example.music.activity.PlayerActivity]
09:16:21.359 [Worker-13] INFO  o.a.p.ModelProcessor:77 - Processing enclosed elements
09:16:21.366 [Worker-13] INFO  o.a.AndroidAnnotationProcessor:250 - Number of files generated by AndroidAnnotations: 1
09:16:21.370 [Worker-13] INFO  o.a.g.ApiCodeGenerator:52 - Writting following API classes in project: []
09:16:21.374 [Worker-13] DEBUG o.a.g.SourceCodewriter:55 - Generating class: com.example.music.activity.PlayerActivity_
09:16:21.423 [Worker-13] INFO  o.a.p.TimeStats:81 - Time measurements: [Whole Processing = 340 ms], [Extract Manifest = 90 ms], [Process Annotations = 61 ms], [Generate Sources = 57 ms], [Find R Classes = 42 ms], [Extract Annotations = 36 ms], [Validate Annotations = 18 ms], 
09:16:21.424 [Worker-13] INFO  o.a.AndroidAnnotationProcessor:122 - Finish processing
09:17:25.598 [Worker-15] INFO  o.a.AndroidAnnotationProcessor:84 - Initialize AndroidAnnotations 3.2 with options {phase=BUILD}
09:17:25.702 [Worker-15] INFO  o.a.AndroidAnnotationProcessor:108 - Start processing for 5 annotations on 2 elements
09:17:25.716 [Worker-15] DEBUG o.a.h.AndroidManifestFinder:137 - AndroidManifest.xml file found in parent folder D:\workspace\“Ù¿÷≤•∑≈∆˜(Œ“£©: D:\workspace\“Ù¿÷≤•∑≈∆˜(Œ“£©\AndroidManifest.xml
09:17:25.720 [Worker-15] INFO  o.a.AndroidAnnotationProcessor:171 - AndroidManifest.xml found: AndroidManifest [applicationPackage=com.example.activity, componentQualifiedNames=[com.example.music.activity.MainActivity_, com.example.music.activity.PlayerActivity_, com.example.music.activity.SplashActivity, com.example.music.server.MusicService, com.example.music.widget.MyWidget], permissionQualifiedNames=[android.permission.INTERNET, android.permission.WRITE_EXTERNAL_STORAGE], applicationClassName=null, libraryProject=false, debugabble=false, minSdkVersion=14, maxSdkVersion=-1, targetSdkVersion=17]
09:17:25.721 [Worker-15] INFO  o.a.r.ProjectRClassFinder:50 - Found project R class: com.example.activity.R
09:17:25.726 [Worker-15] INFO  o.a.r.AndroidRClassFinder:44 - Found Android class: android.R
09:17:25.742 [Worker-15] INFO  o.a.p.ModelValidator:42 - Validating elements
09:17:25.743 [Worker-15] DEBUG o.a.p.ModelValidator:62 - Validating with EActivityHandler: [com.example.music.activity.PlayerActivity]
09:17:25.744 [Worker-15] DEBUG o.a.p.ModelValidator:62 - Validating with ViewByIdHandler: [discView, tvCurrent, seekBar, tvDuration, Viewheader]
09:17:25.747 [Worker-15] DEBUG o.a.p.ModelValidator:62 - Validating with ViewsByIdHandler: [ibList]
09:17:25.748 [Worker-15] DEBUG o.a.p.ModelValidator:62 - Validating with ClickHandler: [public void onClick(android.view.View) ]
09:17:25.749 [Worker-15] DEBUG o.a.p.ModelValidator:62 - Validating with AfterViewsHandler: [public void init() ]
09:17:25.751 [Worker-15] INFO  o.a.p.ModelProcessor:69 - Processing root elements
09:17:25.752 [Worker-15] DEBUG o.a.p.ModelProcessor:160 - Processing root elements EActivityHandler: [com.example.music.activity.PlayerActivity]
09:17:25.756 [Worker-15] INFO  o.a.p.ModelProcessor:77 - Processing enclosed elements
09:17:25.759 [Worker-15] INFO  o.a.AndroidAnnotationProcessor:250 - Number of files generated by AndroidAnnotations: 1
09:17:25.760 [Worker-15] INFO  o.a.g.ApiCodeGenerator:52 - Writting following API classes in project: []
09:17:25.761 [Worker-15] DEBUG o.a.g.SourceCodewriter:55 - Generating class: com.example.music.activity.PlayerActivity_
09:17:25.856 [Worker-15] INFO  o.a.p.TimeStats:81 - Time measurements: [Whole Processing = 154 ms], [Generate Sources = 97 ms], [Find R Classes = 20 ms], [Extract Annotations = 13 ms], [Process Annotations = 9 ms], [Validate Annotations = 8 ms], [Extract Manifest = 4 ms], 
09:17:25.857 [Worker-15] INFO  o.a.AndroidAnnotationProcessor:122 - Finish processing
09:18:31.169 [Worker-7] INFO  o.a.AndroidAnnotationProcessor:84 - Initialize AndroidAnnotations 3.2 with options {phase=BUILD}
09:21:29.383 [Worker-12] INFO  o.a.AndroidAnnotationProcessor:84 - Initialize AndroidAnnotations 3.2 with options {phase=BUILD}
09:23:59.352 [Worker-5] INFO  o.a.AndroidAnnotationProcessor:84 - Initialize AndroidAnnotations 3.2 with options {phase=BUILD}
09:23:59.553 [Worker-5] INFO  o.a.AndroidAnnotationProcessor:108 - Start processing for 5 annotations on 3 elements
09:23:59.567 [Worker-5] DEBUG o.a.h.AndroidManifestFinder:137 - AndroidManifest.xml file found in parent folder D:\workspace\“Ù¿÷≤•∑≈∆˜(Œ“£©: D:\workspace\“Ù¿÷≤•∑≈∆˜(Œ“£©\AndroidManifest.xml
09:23:59.572 [Worker-5] INFO  o.a.AndroidAnnotationProcessor:171 - AndroidManifest.xml found: AndroidManifest [applicationPackage=com.example.activity, componentQualifiedNames=[com.example.music.activity.MainActivity_, com.example.music.activity.PlayerActivity_, com.example.music.activity.SplashActivity, com.example.music.server.MusicService, com.example.music.widget.MyWidget], permissionQualifiedNames=[android.permission.INTERNET, android.permission.WRITE_EXTERNAL_STORAGE], applicationClassName=null, libraryProject=false, debugabble=false, minSdkVersion=14, maxSdkVersion=-1, targetSdkVersion=17]
09:23:59.573 [Worker-5] INFO  o.a.r.ProjectRClassFinder:50 - Found project R class: com.example.activity.R
09:23:59.577 [Worker-5] INFO  o.a.r.AndroidRClassFinder:44 - Found Android class: android.R
09:23:59.596 [Worker-5] INFO  o.a.p.ModelValidator:42 - Validating elements
09:23:59.597 [Worker-5] DEBUG o.a.p.ModelValidator:62 - Validating with EActivityHandler: [com.example.music.activity.PlayerActivity]
09:23:59.599 [Worker-5] DEBUG o.a.p.ModelValidator:62 - Validating with ViewByIdHandler: [seekBar, discView, tvCurrent, Viewheader, tvDuration]
09:23:59.604 [Worker-5] DEBUG o.a.p.ModelValidator:62 - Validating with ViewsByIdHandler: [ibList]
09:23:59.605 [Worker-5] DEBUG o.a.p.ModelValidator:62 - Validating with ClickHandler: [public void onClick(android.view.View) ]
09:23:59.606 [Worker-5] DEBUG o.a.p.ModelValidator:62 - Validating with AfterViewsHandler: [public void init() ]
09:23:59.607 [Worker-5] INFO  o.a.p.ModelProcessor:69 - Processing root elements
09:23:59.608 [Worker-5] DEBUG o.a.p.ModelProcessor:160 - Processing root elements EActivityHandler: [com.example.music.activity.PlayerActivity]
09:23:59.613 [Worker-5] INFO  o.a.p.ModelProcessor:77 - Processing enclosed elements
09:23:59.615 [Worker-5] INFO  o.a.AndroidAnnotationProcessor:250 - Number of files generated by AndroidAnnotations: 1
09:23:59.616 [Worker-5] INFO  o.a.g.ApiCodeGenerator:52 - Writting following API classes in project: []
09:23:59.617 [Worker-5] DEBUG o.a.g.SourceCodewriter:55 - Generating class: com.example.music.activity.PlayerActivity_
09:23:59.643 [Worker-5] INFO  o.a.p.TimeStats:81 - Time measurements: [Whole Processing = 90 ms], [Generate Sources = 28 ms], [Find R Classes = 23 ms], [Extract Annotations = 12 ms], [Validate Annotations = 11 ms], [Process Annotations = 8 ms], [Extract Manifest = 6 ms], 
09:23:59.644 [Worker-5] INFO  o.a.AndroidAnnotationProcessor:122 - Finish processing
09:24:02.35 [Worker-7] INFO  o.a.AndroidAnnotationProcessor:84 - Initialize AndroidAnnotations 3.2 with options {phase=BUILD}
09:24:02.134 [Worker-7] INFO  o.a.AndroidAnnotationProcessor:108 - Start processing for 5 annotations on 2 elements
09:24:02.146 [Worker-7] DEBUG o.a.h.AndroidManifestFinder:137 - AndroidManifest.xml file found in parent folder D:\workspace\“Ù¿÷≤•∑≈∆˜(Œ“£©: D:\workspace\“Ù¿÷≤•∑≈∆˜(Œ“£©\AndroidManifest.xml
09:24:02.149 [Worker-7] INFO  o.a.AndroidAnnotationProcessor:171 - AndroidManifest.xml found: AndroidManifest [applicationPackage=com.example.activity, componentQualifiedNames=[com.example.music.activity.MainActivity_, com.example.music.activity.PlayerActivity_, com.example.music.activity.SplashActivity, com.example.music.server.MusicService, com.example.music.widget.MyWidget], permissionQualifiedNames=[android.permission.INTERNET, android.permission.WRITE_EXTERNAL_STORAGE], applicationClassName=null, libraryProject=false, debugabble=false, minSdkVersion=14, maxSdkVersion=-1, targetSdkVersion=17]
09:24:02.150 [Worker-7] INFO  o.a.r.ProjectRClassFinder:50 - Found project R class: com.example.activity.R
09:24:02.153 [Worker-7] INFO  o.a.r.AndroidRClassFinder:44 - Found Android class: android.R
09:24:02.163 [Worker-7] INFO  o.a.p.ModelValidator:42 - Validating elements
09:24:02.164 [Worker-7] DEBUG o.a.p.ModelValidator:62 - Validating with EActivityHandler: [com.example.music.activity.PlayerActivity]
09:24:02.165 [Worker-7] DEBUG o.a.p.ModelValidator:62 - Validating with ViewByIdHandler: [seekBar, discView, Viewheader, tvCurrent, tvDuration]
09:24:02.167 [Worker-7] DEBUG o.a.p.ModelValidator:62 - Validating with ViewsByIdHandler: [ibList]
09:24:02.169 [Worker-7] DEBUG o.a.p.ModelValidator:62 - Validating with ClickHandler: [public void onClick(android.view.View) ]
09:24:02.170 [Worker-7] DEBUG o.a.p.ModelValidator:62 - Validating with AfterViewsHandler: [public void init() ]
09:24:02.171 [Worker-7] INFO  o.a.p.ModelProcessor:69 - Processing root elements
09:24:02.172 [Worker-7] DEBUG o.a.p.ModelProcessor:160 - Processing root elements EActivityHandler: [com.example.music.activity.PlayerActivity]
09:24:02.177 [Worker-7] INFO  o.a.p.ModelProcessor:77 - Processing enclosed elements
09:24:02.179 [Worker-7] INFO  o.a.AndroidAnnotationProcessor:250 - Number of files generated by AndroidAnnotations: 1
09:24:02.180 [Worker-7] INFO  o.a.g.ApiCodeGenerator:52 - Writting following API classes in project: []
09:24:02.181 [Worker-7] DEBUG o.a.g.SourceCodewriter:55 - Generating class: com.example.music.activity.PlayerActivity_
09:24:02.220 [Worker-7] INFO  o.a.p.TimeStats:81 - Time measurements: [Whole Processing = 86 ms], [Generate Sources = 41 ms], [Find R Classes = 13 ms], [Extract Annotations = 11 ms], [Validate Annotations = 8 ms], [Process Annotations = 8 ms], [Extract Manifest = 3 ms], 
09:24:02.221 [Worker-7] INFO  o.a.AndroidAnnotationProcessor:122 - Finish processing
14:42:27.47 [Worker-1] INFO  o.a.AndroidAnnotationProcessor:84 - Initialize AndroidAnnotations 3.2 with options {phase=BUILD}
14:51:18.686 [Worker-2] INFO  o.a.AndroidAnnotationProcessor:84 - Initialize AndroidAnnotations 3.2 with options {phase=BUILD}
17:26:41.703 [Worker-0] INFO  o.a.AndroidAnnotationProcessor:84 - Initialize AndroidAnnotations 3.2 with options {phase=BUILD}
17:26:42.21 [Worker-0] INFO  o.a.AndroidAnnotationProcessor:108 - Start processing for 5 annotations on 32 elements
17:26:42.72 [Worker-0] DEBUG o.a.h.AndroidManifestFinder:137 - AndroidManifest.xml file found in parent folder D:\workspace\“Ù¿÷≤•∑≈∆˜(Œ“£©: D:\workspace\“Ù¿÷≤•∑≈∆˜(Œ“£©\AndroidManifest.xml
17:26:42.116 [Worker-0] INFO  o.a.AndroidAnnotationProcessor:171 - AndroidManifest.xml found: AndroidManifest [applicationPackage=com.example.activity, componentQualifiedNames=[com.example.music.activity.MainActivity_, com.example.music.activity.PlayerActivity_, com.example.music.activity.SplashActivity, com.example.music.server.MusicService, com.example.music.widget.MyWidget], permissionQualifiedNames=[android.permission.INTERNET, android.permission.WRITE_EXTERNAL_STORAGE], applicationClassName=null, libraryProject=false, debugabble=false, minSdkVersion=14, maxSdkVersion=-1, targetSdkVersion=17]
17:26:42.118 [Worker-0] INFO  o.a.r.ProjectRClassFinder:50 - Found project R class: com.example.activity.R
17:26:42.137 [Worker-0] ERROR o.a.r.AndroidRClassFinder:40 - The android.R class cannot be found
17:26:42.138 [Worker-0] INFO  o.a.p.TimeStats:81 - Time measurements: [Whole Processing = 117 ms], [Extract Annotations = 47 ms], [Extract Manifest = 47 ms], 
17:26:42.139 [Worker-0] INFO  o.a.AndroidAnnotationProcessor:122 - Finish processing
17:27:39.527 [Worker-1] INFO  o.a.AndroidAnnotationProcessor:84 - Initialize AndroidAnnotations 3.2 with options {phase=BUILD}
17:27:39.530 [Worker-1] INFO  o.a.AndroidAnnotationProcessor:108 - Start processing for 5 annotations on 32 elements
17:27:39.594 [Worker-1] DEBUG o.a.h.AndroidManifestFinder:137 - AndroidManifest.xml file found in parent folder D:\workspace\“Ù¿÷≤•∑≈∆˜(Œ“£©: D:\workspace\“Ù¿÷≤•∑≈∆˜(Œ“£©\AndroidManifest.xml
17:27:39.599 [Worker-1] INFO  o.a.AndroidAnnotationProcessor:171 - AndroidManifest.xml found: AndroidManifest [applicationPackage=com.example.activity, componentQualifiedNames=[com.example.music.activity.MainActivity_, com.example.music.activity.PlayerActivity_, com.example.music.activity.SplashActivity, com.example.music.server.MusicService, com.example.music.widget.MyWidget], permissionQualifiedNames=[android.permission.INTERNET, android.permission.WRITE_EXTERNAL_STORAGE], applicationClassName=null, libraryProject=false, debugabble=false, minSdkVersion=14, maxSdkVersion=-1, targetSdkVersion=17]
17:27:39.601 [Worker-1] INFO  o.a.r.ProjectRClassFinder:50 - Found project R class: com.example.activity.R
17:27:39.604 [Worker-1] INFO  o.a.r.AndroidRClassFinder:44 - Found Android class: android.R
17:27:39.678 [Worker-1] INFO  o.a.p.ModelValidator:42 - Validating elements
17:27:39.680 [Worker-1] DEBUG o.a.p.ModelValidator:62 - Validating with EActivityHandler: [com.example.music.activity.PlayerActivity, com.example.music.activity.MainActivity]
17:27:39.692 [Worker-1] DEBUG o.a.p.ModelValidator:62 - Validating with ViewByIdHandler: [tvCurrent, Viewheader, discView, tvDuration, listView, seekBar, headerView]
17:27:39.699 [Worker-1] DEBUG o.a.p.ModelValidator:62 - Validating with ViewsByIdHandler: [ibList]
17:27:39.704 [Worker-1] DEBUG o.a.p.ModelValidator:62 - Validating with ClickHandler: [public void onClick(android.view.View) ]
17:27:39.709 [Worker-1] DEBUG o.a.p.ModelValidator:62 - Validating with AfterViewsHandler: [public void init() ]
17:27:39.736 [Worker-1] INFO  o.a.p.ModelProcessor:69 - Processing root elements
17:27:39.737 [Worker-1] DEBUG o.a.p.ModelProcessor:160 - Processing root elements EActivityHandler: [com.example.music.activity.PlayerActivity, com.example.music.activity.MainActivity]
17:27:39.801 [Worker-1] INFO  o.a.p.ModelProcessor:77 - Processing enclosed elements
17:27:39.806 [Worker-1] INFO  o.a.AndroidAnnotationProcessor:250 - Number of files generated by AndroidAnnotations: 2
17:27:39.810 [Worker-1] INFO  o.a.g.ApiCodeGenerator:52 - Writting following API classes in project: []
17:27:39.814 [Worker-1] DEBUG o.a.g.SourceCodewriter:55 - Generating class: com.example.music.activity.MainActivity_
17:27:39.829 [Worker-1] DEBUG o.a.g.SourceCodewriter:55 - Generating class: com.example.music.activity.PlayerActivity_
17:27:39.846 [Worker-1] INFO  o.a.p.TimeStats:81 - Time measurements: [Whole Processing = 316 ms], [Process Annotations = 95 ms], [Extract Annotations = 61 ms], [Find R Classes = 48 ms], [Generate Sources = 40 ms], [Validate Annotations = 34 ms], [Extract Manifest = 5 ms], 
17:27:39.847 [Worker-1] INFO  o.a.AndroidAnnotationProcessor:122 - Finish processing
08:50:32.498 [Worker-11] INFO  o.a.AndroidAnnotationProcessor:84 - Initialize AndroidAnnotations 3.2 with options {phase=BUILD}
13:25:38.447 [Worker-0] INFO  o.a.AndroidAnnotationProcessor:84 - Initialize AndroidAnnotations 3.2 with options {phase=BUILD}
13:25:39.49 [Worker-0] INFO  o.a.AndroidAnnotationProcessor:108 - Start processing for 5 annotations on 32 elements
13:25:39.83 [Worker-0] DEBUG o.a.h.AndroidManifestFinder:137 - AndroidManifest.xml file found in parent folder D:\workspace\“Ù¿÷≤•∑≈∆˜(Œ“£©: D:\workspace\“Ù¿÷≤•∑≈∆˜(Œ“£©\AndroidManifest.xml
13:25:39.239 [Worker-0] INFO  o.a.AndroidAnnotationProcessor:171 - AndroidManifest.xml found: AndroidManifest [applicationPackage=com.example.activity, componentQualifiedNames=[com.example.music.activity.MainActivity_, com.example.music.activity.PlayerActivity_, com.example.music.activity.SplashActivity, com.example.music.server.MusicService, com.example.music.widget.MyWidget], permissionQualifiedNames=[android.permission.INTERNET, android.permission.WRITE_EXTERNAL_STORAGE], applicationClassName=null, libraryProject=false, debugabble=false, minSdkVersion=14, maxSdkVersion=-1, targetSdkVersion=17]
13:25:39.241 [Worker-0] INFO  o.a.r.ProjectRClassFinder:50 - Found project R class: com.example.activity.R
13:25:39.307 [Worker-0] ERROR o.a.r.AndroidRClassFinder:40 - The android.R class cannot be found
13:25:39.309 [Worker-0] INFO  o.a.p.TimeStats:81 - Time measurements: [Whole Processing = 261 ms], [Extract Manifest = 165 ms], [Extract Annotations = 24 ms], 
13:25:39.311 [Worker-0] INFO  o.a.AndroidAnnotationProcessor:122 - Finish processing
13:27:24.773 [Worker-4] INFO  o.a.AndroidAnnotationProcessor:84 - Initialize AndroidAnnotations 3.2 with options {phase=BUILD}
13:27:24.775 [Worker-4] INFO  o.a.AndroidAnnotationProcessor:108 - Start processing for 5 annotations on 32 elements
13:27:24.816 [Worker-4] DEBUG o.a.h.AndroidManifestFinder:137 - AndroidManifest.xml file found in parent folder D:\workspace\“Ù¿÷≤•∑≈∆˜(Œ“£©: D:\workspace\“Ù¿÷≤•∑≈∆˜(Œ“£©\AndroidManifest.xml
13:27:24.819 [Worker-4] INFO  o.a.AndroidAnnotationProcessor:171 - AndroidManifest.xml found: AndroidManifest [applicationPackage=com.example.activity, componentQualifiedNames=[com.example.music.activity.MainActivity_, com.example.music.activity.PlayerActivity_, com.example.music.activity.SplashActivity, com.example.music.server.MusicService, com.example.music.widget.MyWidget], permissionQualifiedNames=[android.permission.INTERNET, android.permission.WRITE_EXTERNAL_STORAGE], applicationClassName=null, libraryProject=false, debugabble=false, minSdkVersion=14, maxSdkVersion=-1, targetSdkVersion=17]
13:27:24.820 [Worker-4] INFO  o.a.r.ProjectRClassFinder:50 - Found project R class: com.example.activity.R
13:27:24.823 [Worker-4] INFO  o.a.r.AndroidRClassFinder:44 - Found Android class: android.R
13:27:24.858 [Worker-4] INFO  o.a.p.ModelValidator:42 - Validating elements
13:27:24.859 [Worker-4] DEBUG o.a.p.ModelValidator:62 - Validating with EActivityHandler: [com.example.music.activity.PlayerActivity, com.example.music.activity.MainActivity]
13:27:24.865 [Worker-4] DEBUG o.a.p.ModelValidator:62 - Validating with ViewByIdHandler: [tvDuration, Viewheader, tvCurrent, seekBar, discView, headerView, listView]
13:27:24.878 [Worker-4] DEBUG o.a.p.ModelValidator:62 - Validating with ViewsByIdHandler: [ibList]
13:27:24.881 [Worker-4] DEBUG o.a.p.ModelValidator:62 - Validating with ClickHandler: [public void onClick(android.view.View) ]
13:27:24.885 [Worker-4] DEBUG o.a.p.ModelValidator:62 - Validating with AfterViewsHandler: [public void init() ]
13:27:24.900 [Worker-4] INFO  o.a.p.ModelProcessor:69 - Processing root elements
13:27:24.901 [Worker-4] DEBUG o.a.p.ModelProcessor:160 - Processing root elements EActivityHandler: [com.example.music.activity.PlayerActivity, com.example.music.activity.MainActivity]
13:27:24.947 [Worker-4] INFO  o.a.p.ModelProcessor:77 - Processing enclosed elements
13:27:24.952 [Worker-4] INFO  o.a.AndroidAnnotationProcessor:250 - Number of files generated by AndroidAnnotations: 2
13:27:24.955 [Worker-4] INFO  o.a.g.ApiCodeGenerator:52 - Writting following API classes in project: []
13:27:24.958 [Worker-4] DEBUG o.a.g.SourceCodewriter:55 - Generating class: com.example.music.activity.MainActivity_
13:27:24.968 [Worker-4] DEBUG o.a.g.SourceCodewriter:55 - Generating class: com.example.music.activity.PlayerActivity_
13:27:24.974 [Worker-4] INFO  o.a.p.TimeStats:81 - Time measurements: [Whole Processing = 199 ms], [Process Annotations = 66 ms], [Extract Annotations = 40 ms], [Validate Annotations = 29 ms], [Generate Sources = 22 ms], [Find R Classes = 16 ms], [Extract Manifest = 3 ms], 
13:27:24.975 [Worker-4] INFO  o.a.AndroidAnnotationProcessor:122 - Finish processing
14:44:56.408 [Worker-7] INFO  o.a.AndroidAnnotationProcessor:84 - Initialize AndroidAnnotations 3.2 with options {phase=BUILD}
14:44:56.562 [Worker-7] INFO  o.a.AndroidAnnotationProcessor:108 - Start processing for 5 annotations on 32 elements
14:44:56.572 [Worker-7] DEBUG o.a.h.AndroidManifestFinder:137 - AndroidManifest.xml file found in parent folder D:\workspace\“Ù¿÷≤•∑≈∆˜(Œ“£©: D:\workspace\“Ù¿÷≤•∑≈∆˜(Œ“£©\AndroidManifest.xml
14:44:56.599 [Worker-7] INFO  o.a.AndroidAnnotationProcessor:171 - AndroidManifest.xml found: AndroidManifest [applicationPackage=com.example.activity, componentQualifiedNames=[com.example.music.activity.MainActivity_, com.example.music.activity.PlayerActivity_, com.example.music.activity.SplashActivity, com.example.music.server.MusicService, com.example.music.widget.MyWidget], permissionQualifiedNames=[android.permission.INTERNET, android.permission.WRITE_EXTERNAL_STORAGE], applicationClassName=null, libraryProject=false, debugabble=false, minSdkVersion=14, maxSdkVersion=-1, targetSdkVersion=17]
14:44:56.601 [Worker-7] INFO  o.a.r.ProjectRClassFinder:50 - Found project R class: com.example.activity.R
14:44:56.612 [Worker-7] ERROR o.a.r.AndroidRClassFinder:40 - The android.R class cannot be found
14:44:56.614 [Worker-7] INFO  o.a.p.TimeStats:81 - Time measurements: [Whole Processing = 52 ms], [Extract Manifest = 29 ms], [Extract Annotations = 7 ms], 
14:44:56.614 [Worker-7] INFO  o.a.AndroidAnnotationProcessor:122 - Finish processing
14:45:41.970 [Worker-8] INFO  o.a.AndroidAnnotationProcessor:84 - Initialize AndroidAnnotations 3.2 with options {phase=BUILD}
14:45:41.972 [Worker-8] INFO  o.a.AndroidAnnotationProcessor:108 - Start processing for 5 annotations on 32 elements
14:45:42.47 [Worker-8] DEBUG o.a.h.AndroidManifestFinder:137 - AndroidManifest.xml file found in parent folder D:\workspace\“Ù¿÷≤•∑≈∆˜(Œ“£©: D:\workspace\“Ù¿÷≤•∑≈∆˜(Œ“£©\AndroidManifest.xml
14:45:42.51 [Worker-8] INFO  o.a.AndroidAnnotationProcessor:171 - AndroidManifest.xml found: AndroidManifest [applicationPackage=com.example.activity, componentQualifiedNames=[com.example.music.activity.MainActivity_, com.example.music.activity.PlayerActivity_, com.example.music.activity.SplashActivity, com.example.music.server.MusicService, com.example.music.widget.MyWidget], permissionQualifiedNames=[android.permission.INTERNET, android.permission.WRITE_EXTERNAL_STORAGE], applicationClassName=null, libraryProject=false, debugabble=false, minSdkVersion=14, maxSdkVersion=-1, targetSdkVersion=17]
14:45:42.52 [Worker-8] INFO  o.a.r.ProjectRClassFinder:50 - Found project R class: com.example.activity.R
14:45:42.56 [Worker-8] INFO  o.a.r.AndroidRClassFinder:44 - Found Android class: android.R
14:45:42.226 [Worker-8] INFO  o.a.p.ModelValidator:42 - Validating elements
14:45:42.227 [Worker-8] DEBUG o.a.p.ModelValidator:62 - Validating with EActivityHandler: [com.example.music.activity.PlayerActivity, com.example.music.activity.MainActivity]
14:45:42.232 [Worker-8] DEBUG o.a.p.ModelValidator:62 - Validating with ViewByIdHandler: [seekBar, tvDuration, Viewheader, listView, discView, tvCurrent, headerView]
14:45:42.240 [Worker-8] DEBUG o.a.p.ModelValidator:62 - Validating with ViewsByIdHandler: [ibList]
14:45:42.242 [Worker-8] DEBUG o.a.p.ModelValidator:62 - Validating with ClickHandler: [public void onClick(android.view.View) ]
14:45:42.247 [Worker-8] DEBUG o.a.p.ModelValidator:62 - Validating with AfterViewsHandler: [public void init() ]
14:45:42.261 [Worker-8] INFO  o.a.p.ModelProcessor:69 - Processing root elements
14:45:42.262 [Worker-8] DEBUG o.a.p.ModelProcessor:160 - Processing root elements EActivityHandler: [com.example.music.activity.PlayerActivity, com.example.music.activity.MainActivity]
14:45:42.306 [Worker-8] INFO  o.a.p.ModelProcessor:77 - Processing enclosed elements
14:45:42.312 [Worker-8] INFO  o.a.AndroidAnnotationProcessor:250 - Number of files generated by AndroidAnnotations: 2
14:45:42.316 [Worker-8] INFO  o.a.g.ApiCodeGenerator:52 - Writting following API classes in project: []
14:45:42.320 [Worker-8] DEBUG o.a.g.SourceCodewriter:55 - Generating class: com.example.music.activity.MainActivity_
14:45:42.333 [Worker-8] DEBUG o.a.g.SourceCodewriter:55 - Generating class: com.example.music.activity.PlayerActivity_
14:45:42.359 [Worker-8] INFO  o.a.p.TimeStats:81 - Time measurements: [Whole Processing = 381 ms], [Extract Annotations = 74 ms], [Process Annotations = 64 ms], [Generate Sources = 41 ms], [Find R Classes = 35 ms], [Validate Annotations = 23 ms], [Extract Manifest = 4 ms], 
14:45:42.360 [Worker-8] INFO  o.a.AndroidAnnotationProcessor:122 - Finish processing
17:14:56.482 [Worker-7] INFO  o.a.AndroidAnnotationProcessor:84 - Initialize AndroidAnnotations 3.2 with options {phase=BUILD}
17:14:56.586 [Worker-7] INFO  o.a.AndroidAnnotationProcessor:108 - Start processing for 5 annotations on 32 elements
17:14:56.648 [Worker-7] DEBUG o.a.h.AndroidManifestFinder:137 - AndroidManifest.xml file found in parent folder D:\workspace\“Ù¿÷≤•∑≈∆˜(Œ“£©: D:\workspace\“Ù¿÷≤•∑≈∆˜(Œ“£©\AndroidManifest.xml
17:14:56.652 [Worker-7] INFO  o.a.AndroidAnnotationProcessor:171 - AndroidManifest.xml found: AndroidManifest [applicationPackage=com.example.activity, componentQualifiedNames=[com.example.music.activity.MainActivity_, com.example.music.activity.PlayerActivity_, com.example.music.activity.SplashActivity, com.example.music.server.MusicService, com.example.music.widget.MyWidget], permissionQualifiedNames=[android.permission.INTERNET, android.permission.WRITE_EXTERNAL_STORAGE], applicationClassName=null, libraryProject=false, debugabble=false, minSdkVersion=14, maxSdkVersion=-1, targetSdkVersion=17]
17:14:56.654 [Worker-7] INFO  o.a.r.ProjectRClassFinder:50 - Found project R class: com.example.activity.R
17:14:56.661 [Worker-7] INFO  o.a.r.AndroidRClassFinder:44 - Found Android class: android.R
17:14:56.690 [Worker-7] INFO  o.a.p.ModelValidator:42 - Validating elements
17:14:56.691 [Worker-7] DEBUG o.a.p.ModelValidator:62 - Validating with EActivityHandler: [com.example.music.activity.PlayerActivity, com.example.music.activity.MainActivity]
17:14:56.695 [Worker-7] DEBUG o.a.p.ModelValidator:62 - Validating with ViewByIdHandler: [discView, tvCurrent, headerView, seekBar, tvDuration, Viewheader, listView]
17:14:56.700 [Worker-7] DEBUG o.a.p.ModelValidator:62 - Validating with ViewsByIdHandler: [ibList]
17:14:56.702 [Worker-7] DEBUG o.a.p.ModelValidator:62 - Validating with ClickHandler: [public void onClick(android.view.View) ]
17:14:56.706 [Worker-7] DEBUG o.a.p.ModelValidator:62 - Validating with AfterViewsHandler: [public void init() ]
17:14:56.717 [Worker-7] INFO  o.a.p.ModelProcessor:69 - Processing root elements
17:14:56.718 [Worker-7] DEBUG o.a.p.ModelProcessor:160 - Processing root elements EActivityHandler: [com.example.music.activity.PlayerActivity, com.example.music.activity.MainActivity]
17:14:56.748 [Worker-7] INFO  o.a.p.ModelProcessor:77 - Processing enclosed elements
17:14:56.752 [Worker-7] INFO  o.a.AndroidAnnotationProcessor:250 - Number of files generated by AndroidAnnotations: 2
17:14:56.755 [Worker-7] INFO  o.a.g.ApiCodeGenerator:52 - Writting following API classes in project: []
17:14:56.757 [Worker-7] DEBUG o.a.g.SourceCodewriter:55 - Generating class: com.example.music.activity.MainActivity_
17:14:56.767 [Worker-7] DEBUG o.a.g.SourceCodewriter:55 - Generating class: com.example.music.activity.PlayerActivity_
17:14:56.774 [Worker-7] INFO  o.a.p.TimeStats:81 - Time measurements: [Whole Processing = 189 ms], [Extract Annotations = 59 ms], [Process Annotations = 45 ms], [Find R Classes = 27 ms], [Generate Sources = 22 ms], [Validate Annotations = 17 ms], [Extract Manifest = 6 ms], 
17:14:56.775 [Worker-7] INFO  o.a.AndroidAnnotationProcessor:122 - Finish processing
17:15:04.237 [Worker-6] INFO  o.a.AndroidAnnotationProcessor:84 - Initialize AndroidAnnotations 3.2 with options {phase=BUILD}
